--------------------------------------------------------------------------------
 Project integration - START (2016-11-17 10:22:59) 
--------------------------------------------------------------------------------
FE snapshot name: DCDV
BE snapshot name: PCB_Layout_Temp
Top level block: (2-1-5)
Parameters: FAConstraints,FEWin,
--------------------------------------------------------------------------------
--------------------------------------------------------------------------------
 CES synchronization - START (2016-11-17 10:22:59) 
--------------------------------------------------------------------------------

--------------------------------------------------------------------------------
 TOPOLOGY synchronization - START (2016-11-17 10:22:59) 
--------------------------------------------------------------------------------
--------------------------------------------------------------------------------
 TOPOLOGY synchronization - END (2016-11-17 10:22:59) 
--------------------------------------------------------------------------------
[Skipped][Addition] - [FE->BE] [P: CesPart,10-0011,(3094-1-53)] [O: CesConstraint,PART_TYPE,(3094-1-22)]
[Skipped][Addition] - [FE->BE] [P: CesPart,10-0011,(3094-1-53)] [O: CesConstraint,DEF_VALUE,(3094-2-22)]
[Skipped][Addition] - [FE->BE] [P: CesComp,C11,(3094-1-51)] [O: CesConstraint,SERIES,(3094-3-22)]
[Skipped][Addition] - [FE->BE] [P: CesComp,C11,(3094-1-51)] [O: CesConstraint,DEF_VALUE,(3094-4-22)]
[Skipped][Addition] - [FE->BE] [P: CesComp,C11,(3094-1-51)] [O: CesConstraint,HLT_POWER_SCALING_FACT,(3094-5-22)]
[Skipped][Addition] - [FE->BE] [P: CesComp,C11,(3094-1-51)] [O: CesConstraint,PACKAGED_COMP,(3094-6-22)]
--------------------------------------------------------------------------------
 CES synchronization - END (2016-11-17 10:22:59) 
--------------------------------------------------------------------------------
--------------------------------------------------------------------------------
 Project integration - END (2016-11-17 10:22:59) 
--------------------------------------------------------------------------------
