--------------------------------------------------------------------------------
 Project integration - START (2016-11-17 09:53:56) 
--------------------------------------------------------------------------------
FE snapshot name: DCDV
BE snapshot name: PCB_Layout_Temp
Top level block: (2-1-5)
Parameters: FAConstraints,FEWin,
--------------------------------------------------------------------------------
--------------------------------------------------------------------------------
 CES synchronization - START (2016-11-17 09:53:56) 
--------------------------------------------------------------------------------

--------------------------------------------------------------------------------
 TOPOLOGY synchronization - START (2016-11-17 09:53:56) 
--------------------------------------------------------------------------------
--------------------------------------------------------------------------------
 TOPOLOGY synchronization - END (2016-11-17 09:53:56) 
--------------------------------------------------------------------------------
[Skipped][Addition] - [FE->BE] [P: CesPart,70-0099,(2975-1-53)] [O: CesConstraint,PART_TYPE,(2975-1-22)]
[Skipped][Addition] - [FE->BE] [P: CesComp,J7,(2975-1-51)] [O: CesConstraint,SERIES,(2975-2-22)]
[Skipped][Addition] - [FE->BE] [P: CesComp,J7,(2975-1-51)] [O: CesConstraint,HLT_POWER_SCALING_FACT,(2975-3-22)]
[Skipped][Addition] - [FE->BE] [P: CesComp,J7,(2975-1-51)] [O: CesConstraint,PACKAGED_COMP,(2975-4-22)]
[Skipped][Addition] - [FE->BE] [P: CesPart,30-0004,(2987-1-53)] [O: CesConstraint,PART_TYPE,(2987-1-22)]
[Skipped][Addition] - [FE->BE] [P: CesComp,R1,(2987-1-51)] [O: CesConstraint,SERIES,(2987-2-22)]
[Skipped][Addition] - [FE->BE] [P: CesComp,R1,(2987-1-51)] [O: CesConstraint,DEF_VALUE,(2987-3-22)]
[Skipped][Addition] - [FE->BE] [P: CesComp,R1,(2987-1-51)] [O: CesConstraint,HLT_POWER_SCALING_FACT,(2987-4-22)]
[Skipped][Addition] - [FE->BE] [P: CesComp,R12,(2987-2-51)] [O: CesConstraint,SERIES,(2987-5-22)]
[Skipped][Addition] - [FE->BE] [P: CesComp,R12,(2987-2-51)] [O: CesConstraint,DEF_VALUE,(2987-6-22)]
[Skipped][Addition] - [FE->BE] [P: CesComp,R12,(2987-2-51)] [O: CesConstraint,HLT_POWER_SCALING_FACT,(2987-7-22)]
[Skipped][Addition] - [FE->BE] [P: CesComp,Q1,(2987-3-51)] [O: CesConstraint,SERIES,(2987-8-22)]
[Skipped][Addition] - [FE->BE] [P: CesComp,Q1,(2987-3-51)] [O: CesConstraint,HLT_POWER_SCALING_FACT,(2987-9-22)]
[Skipped][Addition] - [FE->BE] [P: CesComp,Q3,(2987-4-51)] [O: CesConstraint,SERIES,(2987-10-22)]
[Skipped][Addition] - [FE->BE] [P: CesComp,Q3,(2987-4-51)] [O: CesConstraint,HLT_POWER_SCALING_FACT,(2987-11-22)]
[Skipped][Addition] - [FE->BE] [P: CesComp,Q4,(2987-5-51)] [O: CesConstraint,SERIES,(2987-12-22)]
[Skipped][Addition] - [FE->BE] [P: CesComp,Q4,(2987-5-51)] [O: CesConstraint,HLT_POWER_SCALING_FACT,(2987-13-22)]
[Skipped][Addition] - [FE->BE] [P: CesComp,R13,(2987-6-51)] [O: CesConstraint,SERIES,(2987-14-22)]
[Skipped][Addition] - [FE->BE] [P: CesComp,R13,(2987-6-51)] [O: CesConstraint,DEF_VALUE,(2987-15-22)]
[Skipped][Addition] - [FE->BE] [P: CesComp,R13,(2987-6-51)] [O: CesConstraint,HLT_POWER_SCALING_FACT,(2987-16-22)]
[Skipped][Addition] - [FE->BE] [P: CesComp,R1,(2987-1-51)] [O: CesConstraint,PACKAGED_COMP,(2987-17-22)]
[Skipped][Addition] - [FE->BE] [P: CesComp,R12,(2987-2-51)] [O: CesConstraint,PACKAGED_COMP,(2987-18-22)]
[Skipped][Addition] - [FE->BE] [P: CesComp,Q1,(2987-3-51)] [O: CesConstraint,PACKAGED_COMP,(2987-19-22)]
[Skipped][Addition] - [FE->BE] [P: CesComp,Q3,(2987-4-51)] [O: CesConstraint,PACKAGED_COMP,(2987-20-22)]
[Skipped][Addition] - [FE->BE] [P: CesComp,Q4,(2987-5-51)] [O: CesConstraint,PACKAGED_COMP,(2987-21-22)]
[Skipped][Addition] - [FE->BE] [P: CesComp,R13,(2987-6-51)] [O: CesConstraint,PACKAGED_COMP,(2987-22-22)]
[Skipped][Addition] - [FE->BE] [P: CesComp,J5,(3036-1-51)] [O: CesConstraint,SERIES,(3036-1-22)]
[Skipped][Addition] - [FE->BE] [P: CesComp,J5,(3036-1-51)] [O: CesConstraint,HLT_POWER_SCALING_FACT,(3036-2-22)]
[Skipped][Addition] - [FE->BE] [P: CesComp,J5,(3036-1-51)] [O: CesConstraint,PACKAGED_COMP,(3036-3-22)]
[Skipped][Addition] - [FE->BE] [P: CesPart,70-0014,(3038-1-53)] [O: CesConstraint,PART_TYPE,(3038-1-22)]
[Skipped][Addition] - [FE->BE] [P: CesComp,Q2,(3038-1-51)] [O: CesConstraint,SERIES,(3038-2-22)]
[Skipped][Addition] - [FE->BE] [P: CesComp,Q2,(3038-1-51)] [O: CesConstraint,HLT_POWER_SCALING_FACT,(3038-3-22)]
[Skipped][Addition] - [FE->BE] [P: CesComp,Q5,(3038-2-51)] [O: CesConstraint,SERIES,(3038-4-22)]
[Skipped][Addition] - [FE->BE] [P: CesComp,Q5,(3038-2-51)] [O: CesConstraint,HLT_POWER_SCALING_FACT,(3038-5-22)]
[Skipped][Addition] - [FE->BE] [P: CesComp,Q6,(3038-3-51)] [O: CesConstraint,SERIES,(3038-6-22)]
[Skipped][Addition] - [FE->BE] [P: CesComp,Q6,(3038-3-51)] [O: CesConstraint,HLT_POWER_SCALING_FACT,(3038-7-22)]
[Skipped][Addition] - [FE->BE] [P: CesComp,R7,(3038-4-51)] [O: CesConstraint,SERIES,(3038-8-22)]
[Skipped][Addition] - [FE->BE] [P: CesComp,R7,(3038-4-51)] [O: CesConstraint,DEF_VALUE,(3038-9-22)]
[Skipped][Addition] - [FE->BE] [P: CesComp,R7,(3038-4-51)] [O: CesConstraint,HLT_POWER_SCALING_FACT,(3038-10-22)]
[Skipped][Addition] - [FE->BE] [P: CesComp,R14,(3038-5-51)] [O: CesConstraint,SERIES,(3038-11-22)]
[Skipped][Addition] - [FE->BE] [P: CesComp,R14,(3038-5-51)] [O: CesConstraint,DEF_VALUE,(3038-12-22)]
[Skipped][Addition] - [FE->BE] [P: CesComp,R14,(3038-5-51)] [O: CesConstraint,HLT_POWER_SCALING_FACT,(3038-13-22)]
[Skipped][Addition] - [FE->BE] [P: CesComp,R15,(3038-6-51)] [O: CesConstraint,SERIES,(3038-14-22)]
[Skipped][Addition] - [FE->BE] [P: CesComp,R15,(3038-6-51)] [O: CesConstraint,DEF_VALUE,(3038-15-22)]
[Skipped][Addition] - [FE->BE] [P: CesComp,R15,(3038-6-51)] [O: CesConstraint,HLT_POWER_SCALING_FACT,(3038-16-22)]
[Skipped][Addition] - [FE->BE] [P: CesComp,D2,(3038-7-51)] [O: CesConstraint,SERIES,(3038-17-22)]
[Skipped][Addition] - [FE->BE] [P: CesComp,D2,(3038-7-51)] [O: CesConstraint,HLT_POWER_SCALING_FACT,(3038-18-22)]
[Skipped][Addition] - [FE->BE] [P: CesComp,Q7,(3038-8-51)] [O: CesConstraint,SERIES,(3038-19-22)]
[Skipped][Addition] - [FE->BE] [P: CesComp,Q7,(3038-8-51)] [O: CesConstraint,HLT_POWER_SCALING_FACT,(3038-20-22)]
[Skipped][Addition] - [FE->BE] [P: CesComp,U4,(3038-9-51)] [O: CesConstraint,SERIES,(3038-21-22)]
[Skipped][Addition] - [FE->BE] [P: CesComp,U4,(3038-9-51)] [O: CesConstraint,HLT_POWER_SCALING_FACT,(3038-22-22)]
[Skipped][Addition] - [FE->BE] [P: CesComp,C5,(3038-10-51)] [O: CesConstraint,SERIES,(3038-23-22)]
[Skipped][Addition] - [FE->BE] [P: CesComp,C5,(3038-10-51)] [O: CesConstraint,DEF_VALUE,(3038-24-22)]
[Skipped][Addition] - [FE->BE] [P: CesComp,C5,(3038-10-51)] [O: CesConstraint,HLT_POWER_SCALING_FACT,(3038-25-22)]
[Skipped][Addition] - [FE->BE] [P: CesComp,C6,(3038-11-51)] [O: CesConstraint,SERIES,(3038-26-22)]
[Skipped][Addition] - [FE->BE] [P: CesComp,C6,(3038-11-51)] [O: CesConstraint,DEF_VALUE,(3038-27-22)]
[Skipped][Addition] - [FE->BE] [P: CesComp,C6,(3038-11-51)] [O: CesConstraint,HLT_POWER_SCALING_FACT,(3038-28-22)]
[Skipped][Addition] - [FE->BE] [P: CesComp,J8,(3038-12-51)] [O: CesConstraint,SERIES,(3038-29-22)]
[Skipped][Addition] - [FE->BE] [P: CesComp,J8,(3038-12-51)] [O: CesConstraint,HLT_POWER_SCALING_FACT,(3038-30-22)]
[Skipped][Addition] - [FE->BE] [P: CesComp,Q2,(3038-1-51)] [O: CesConstraint,PACKAGED_COMP,(3038-31-22)]
[Skipped][Addition] - [FE->BE] [P: CesComp,Q5,(3038-2-51)] [O: CesConstraint,PACKAGED_COMP,(3038-32-22)]
[Skipped][Addition] - [FE->BE] [P: CesComp,Q6,(3038-3-51)] [O: CesConstraint,PACKAGED_COMP,(3038-33-22)]
[Skipped][Addition] - [FE->BE] [P: CesComp,R7,(3038-4-51)] [O: CesConstraint,PACKAGED_COMP,(3038-34-22)]
[Skipped][Addition] - [FE->BE] [P: CesComp,R14,(3038-5-51)] [O: CesConstraint,PACKAGED_COMP,(3038-35-22)]
[Skipped][Addition] - [FE->BE] [P: CesComp,R15,(3038-6-51)] [O: CesConstraint,PACKAGED_COMP,(3038-36-22)]
[Skipped][Addition] - [FE->BE] [P: CesComp,D2,(3038-7-51)] [O: CesConstraint,PACKAGED_COMP,(3038-37-22)]
[Skipped][Addition] - [FE->BE] [P: CesComp,Q7,(3038-8-51)] [O: CesConstraint,PACKAGED_COMP,(3038-38-22)]
[Skipped][Addition] - [FE->BE] [P: CesComp,U4,(3038-9-51)] [O: CesConstraint,PACKAGED_COMP,(3038-39-22)]
[Skipped][Addition] - [FE->BE] [P: CesComp,C5,(3038-10-51)] [O: CesConstraint,PACKAGED_COMP,(3038-40-22)]
[Skipped][Addition] - [FE->BE] [P: CesComp,C6,(3038-11-51)] [O: CesConstraint,PACKAGED_COMP,(3038-41-22)]
[Skipped][Addition] - [FE->BE] [P: CesComp,J8,(3038-12-51)] [O: CesConstraint,PACKAGED_COMP,(3038-42-22)]
[Skipped][Addition] - [FE->BE] [P: CesPart,00-0001,(3077-1-53)] [O: CesConstraint,PART_TYPE,(3077-1-22)]
[Skipped][Addition] - [FE->BE] [P: CesPart,00-0001,(3077-1-53)] [O: CesConstraint,DEF_VALUE,(3077-2-22)]
[Skipped][Addition] - [FE->BE] [P: CesComp,R16,(3077-1-51)] [O: CesConstraint,SERIES,(3077-3-22)]
[Skipped][Addition] - [FE->BE] [P: CesComp,R16,(3077-1-51)] [O: CesConstraint,DEF_VALUE,(3077-4-22)]
[Skipped][Addition] - [FE->BE] [P: CesComp,R16,(3077-1-51)] [O: CesConstraint,HLT_POWER_SCALING_FACT,(3077-5-22)]
[Skipped][Addition] - [FE->BE] [P: CesComp,R17,(3077-2-51)] [O: CesConstraint,SERIES,(3077-6-22)]
[Skipped][Addition] - [FE->BE] [P: CesComp,R17,(3077-2-51)] [O: CesConstraint,DEF_VALUE,(3077-7-22)]
[Skipped][Addition] - [FE->BE] [P: CesComp,R17,(3077-2-51)] [O: CesConstraint,HLT_POWER_SCALING_FACT,(3077-8-22)]
[Skipped][Addition] - [FE->BE] [P: CesComp,R16,(3077-1-51)] [O: CesConstraint,PACKAGED_COMP,(3077-9-22)]
[Skipped][Addition] - [FE->BE] [P: CesComp,R17,(3077-2-51)] [O: CesConstraint,PACKAGED_COMP,(3077-10-22)]
[Skipped][Addition] - [FE->BE] [P: CesComp,C22,(3083-1-51)] [O: CesConstraint,SERIES,(3083-1-22)]
[Skipped][Addition] - [FE->BE] [P: CesComp,C22,(3083-1-51)] [O: CesConstraint,DEF_VALUE,(3083-2-22)]
[Skipped][Addition] - [FE->BE] [P: CesComp,C22,(3083-1-51)] [O: CesConstraint,HLT_POWER_SCALING_FACT,(3083-3-22)]
[Skipped][Addition] - [FE->BE] [P: CesComp,C22,(3083-1-51)] [O: CesConstraint,PACKAGED_COMP,(3083-4-22)]
--------------------------------------------------------------------------------
 CES synchronization - END (2016-11-17 09:53:56) 
--------------------------------------------------------------------------------
--------------------------------------------------------------------------------
 Project integration - END (2016-11-17 09:53:56) 
--------------------------------------------------------------------------------
