--------------------------------------------------------------------------------
 Project integration - START (2016-11-23 12:01:16) 
--------------------------------------------------------------------------------
FE snapshot name: DCDV
BE snapshot name: PCB_Layout_Temp
Top level block: (2-1-5)
Parameters: FAConstraints,FEWin,
--------------------------------------------------------------------------------
--------------------------------------------------------------------------------
 CES synchronization - START (2016-11-23 12:01:16) 
--------------------------------------------------------------------------------

--------------------------------------------------------------------------------
 TOPOLOGY synchronization - START (2016-11-23 12:01:16) 
--------------------------------------------------------------------------------
--------------------------------------------------------------------------------
 TOPOLOGY synchronization - END (2016-11-23 12:01:16) 
--------------------------------------------------------------------------------
[Skipped][Addition] - [FE->BE] [P: CesComp,C18,(3321-1-51)] [O: CesConstraint,SERIES,(3321-1-22)]
[Skipped][Addition] - [FE->BE] [P: CesComp,C18,(3321-1-51)] [O: CesConstraint,DEF_VALUE,(3321-2-22)]
[Skipped][Addition] - [FE->BE] [P: CesComp,C18,(3321-1-51)] [O: CesConstraint,HLT_POWER_SCALING_FACT,(3321-3-22)]
[Skipped][Addition] - [FE->BE] [P: CesComp,C18,(3321-1-51)] [O: CesConstraint,PACKAGED_COMP,(3321-4-22)]
--------------------------------------------------------------------------------
 CES synchronization - END (2016-11-23 12:01:16) 
--------------------------------------------------------------------------------
--------------------------------------------------------------------------------
 Project integration - END (2016-11-23 12:01:16) 
--------------------------------------------------------------------------------
