--------------------------------------------------------------------------------
 Project integration - START (2016-11-18 15:19:35) 
--------------------------------------------------------------------------------
FE snapshot name: DCDV
BE snapshot name: PCB_Layout_Temp
Top level block: (2-1-5)
Parameters: FAConstraints,FEWin,
--------------------------------------------------------------------------------
--------------------------------------------------------------------------------
 CES synchronization - START (2016-11-18 15:19:35) 
--------------------------------------------------------------------------------

--------------------------------------------------------------------------------
 TOPOLOGY synchronization - START (2016-11-18 15:19:35) 
--------------------------------------------------------------------------------
--------------------------------------------------------------------------------
 TOPOLOGY synchronization - END (2016-11-18 15:19:35) 
--------------------------------------------------------------------------------
[Skipped][Addition] - [FE->BE] [P: CesPart,40-0093,(3126-1-53)] [O: CesConstraint,PART_TYPE,(3126-1-22)]
[Skipped][Addition] - [FE->BE] [P: CesPart,40-0232,(3126-2-53)] [O: CesConstraint,PART_TYPE,(3126-2-22)]
[Skipped][Addition] - [FE->BE] [P: CesPart,10-0056,(3126-4-53)] [O: CesConstraint,PART_TYPE,(3126-5-22)]
[Skipped][Addition] - [FE->BE] [P: CesPart,10-0056,(3126-4-53)] [O: CesConstraint,DEF_VALUE,(3126-6-22)]
[Skipped][Addition] - [FE->BE] [P: CesPart,10-0055,(3126-5-53)] [O: CesConstraint,PART_TYPE,(3126-7-22)]
[Skipped][Addition] - [FE->BE] [P: CesPart,10-0055,(3126-5-53)] [O: CesConstraint,DEF_VALUE,(3126-8-22)]
[Skipped][Addition] - [FE->BE] [P: CesPart,50-0007,(3126-6-53)] [O: CesConstraint,PART_TYPE,(3126-9-22)]
[Skipped][Addition] - [FE->BE] [P: CesPart,50-0007,(3126-6-53)] [O: CesConstraint,DEF_VALUE,(3126-10-22)]
[Skipped][Addition] - [FE->BE] [P: CesPart,01-0427,(3126-7-53)] [O: CesConstraint,PART_TYPE,(3126-11-22)]
[Skipped][Addition] - [FE->BE] [P: CesPart,01-0427,(3126-7-53)] [O: CesConstraint,DEF_VALUE,(3126-12-22)]
[Skipped][Addition] - [FE->BE] [P: CesPart,01-0416,(3126-8-53)] [O: CesConstraint,PART_TYPE,(3126-13-22)]
[Skipped][Addition] - [FE->BE] [P: CesPart,01-0416,(3126-8-53)] [O: CesConstraint,DEF_VALUE,(3126-14-22)]
[Skipped][Addition] - [FE->BE] [P: CesPart,01-0506,(3126-9-53)] [O: CesConstraint,PART_TYPE,(3126-15-22)]
[Skipped][Addition] - [FE->BE] [P: CesPart,01-0506,(3126-9-53)] [O: CesConstraint,DEF_VALUE,(3126-16-22)]
[Skipped][Addition] - [FE->BE] [P: CesPart,20-0001,(3126-10-53)] [O: CesConstraint,PART_TYPE,(3126-17-22)]
[Skipped][Addition] - [FE->BE] [P: CesPart,50-0025,(3126-11-53)] [O: CesConstraint,PART_TYPE,(3126-18-22)]
[Skipped][Addition] - [FE->BE] [P: CesPart,50-0025,(3126-11-53)] [O: CesConstraint,DEF_VALUE,(3126-19-22)]
[Skipped][Addition] - [FE->BE] [P: CesPart,01-0532,(3126-12-53)] [O: CesConstraint,PART_TYPE,(3126-20-22)]
[Skipped][Addition] - [FE->BE] [P: CesPart,01-0532,(3126-12-53)] [O: CesConstraint,DEF_VALUE,(3126-21-22)]
[Skipped][Addition] - [FE->BE] [P: CesPart,00-0129,(3126-13-53)] [O: CesConstraint,PART_TYPE,(3126-22-22)]
[Skipped][Addition] - [FE->BE] [P: CesPart,00-0129,(3126-13-53)] [O: CesConstraint,DEF_VALUE,(3126-23-22)]
[Skipped][Addition] - [FE->BE] [P: CesPart,01-0446,(3126-14-53)] [O: CesConstraint,PART_TYPE,(3126-24-22)]
[Skipped][Addition] - [FE->BE] [P: CesPart,01-0446,(3126-14-53)] [O: CesConstraint,DEF_VALUE,(3126-25-22)]
[Skipped][Addition] - [FE->BE] [P: CesPart,01-0393,(3126-15-53)] [O: CesConstraint,PART_TYPE,(3126-26-22)]
[Skipped][Addition] - [FE->BE] [P: CesPart,01-0393,(3126-15-53)] [O: CesConstraint,DEF_VALUE,(3126-27-22)]
[Skipped][Addition] - [FE->BE] [P: CesPart,10-0075,(3126-16-53)] [O: CesConstraint,PART_TYPE,(3126-28-22)]
[Skipped][Addition] - [FE->BE] [P: CesPart,10-0075,(3126-16-53)] [O: CesConstraint,DEF_VALUE,(3126-29-22)]
[Skipped][Addition] - [FE->BE] [P: CesPart,10-0040,(3126-17-53)] [O: CesConstraint,PART_TYPE,(3126-30-22)]
[Skipped][Addition] - [FE->BE] [P: CesPart,10-0040,(3126-17-53)] [O: CesConstraint,DEF_VALUE,(3126-31-22)]
[Skipped][Addition] - [FE->BE] [P: CesPart,10-0054,(3126-18-53)] [O: CesConstraint,PART_TYPE,(3126-32-22)]
[Skipped][Addition] - [FE->BE] [P: CesPart,10-0054,(3126-18-53)] [O: CesConstraint,DEF_VALUE,(3126-33-22)]
[Skipped][Addition] - [FE->BE] [P: CesComp,C23,(3126-1-51)] [O: CesConstraint,SERIES,(3126-34-22)]
[Skipped][Addition] - [FE->BE] [P: CesComp,C23,(3126-1-51)] [O: CesConstraint,DEF_VALUE,(3126-35-22)]
[Skipped][Addition] - [FE->BE] [P: CesComp,C23,(3126-1-51)] [O: CesConstraint,HLT_POWER_SCALING_FACT,(3126-36-22)]
[Skipped][Addition] - [FE->BE] [P: CesComp,C24,(3126-2-51)] [O: CesConstraint,SERIES,(3126-37-22)]
[Skipped][Addition] - [FE->BE] [P: CesComp,C24,(3126-2-51)] [O: CesConstraint,DEF_VALUE,(3126-38-22)]
[Skipped][Addition] - [FE->BE] [P: CesComp,C24,(3126-2-51)] [O: CesConstraint,HLT_POWER_SCALING_FACT,(3126-39-22)]
[Skipped][Addition] - [FE->BE] [P: CesComp,C25,(3126-3-51)] [O: CesConstraint,SERIES,(3126-40-22)]
[Skipped][Addition] - [FE->BE] [P: CesComp,C25,(3126-3-51)] [O: CesConstraint,DEF_VALUE,(3126-41-22)]
[Skipped][Addition] - [FE->BE] [P: CesComp,C25,(3126-3-51)] [O: CesConstraint,HLT_POWER_SCALING_FACT,(3126-42-22)]
[Skipped][Addition] - [FE->BE] [P: CesComp,R18,(3126-4-51)] [O: CesConstraint,SERIES,(3126-43-22)]
[Skipped][Addition] - [FE->BE] [P: CesComp,R18,(3126-4-51)] [O: CesConstraint,DEF_VALUE,(3126-44-22)]
[Skipped][Addition] - [FE->BE] [P: CesComp,R18,(3126-4-51)] [O: CesConstraint,HLT_POWER_SCALING_FACT,(3126-45-22)]
[Skipped][Addition] - [FE->BE] [P: CesComp,R19,(3126-5-51)] [O: CesConstraint,SERIES,(3126-46-22)]
[Skipped][Addition] - [FE->BE] [P: CesComp,R19,(3126-5-51)] [O: CesConstraint,DEF_VALUE,(3126-47-22)]
[Skipped][Addition] - [FE->BE] [P: CesComp,R19,(3126-5-51)] [O: CesConstraint,HLT_POWER_SCALING_FACT,(3126-48-22)]
[Skipped][Addition] - [FE->BE] [P: CesComp,R20,(3126-6-51)] [O: CesConstraint,SERIES,(3126-49-22)]
[Skipped][Addition] - [FE->BE] [P: CesComp,R20,(3126-6-51)] [O: CesConstraint,DEF_VALUE,(3126-50-22)]
[Skipped][Addition] - [FE->BE] [P: CesComp,R20,(3126-6-51)] [O: CesConstraint,HLT_POWER_SCALING_FACT,(3126-51-22)]
[Skipped][Addition] - [FE->BE] [P: CesComp,C26,(3126-7-51)] [O: CesConstraint,SERIES,(3126-52-22)]
[Skipped][Addition] - [FE->BE] [P: CesComp,C26,(3126-7-51)] [O: CesConstraint,DEF_VALUE,(3126-53-22)]
[Skipped][Addition] - [FE->BE] [P: CesComp,C26,(3126-7-51)] [O: CesConstraint,HLT_POWER_SCALING_FACT,(3126-54-22)]
[Skipped][Addition] - [FE->BE] [P: CesComp,U5,(3126-8-51)] [O: CesConstraint,SERIES,(3126-55-22)]
[Skipped][Addition] - [FE->BE] [P: CesComp,U5,(3126-8-51)] [O: CesConstraint,HLT_POWER_SCALING_FACT,(3126-56-22)]
[Skipped][Addition] - [FE->BE] [P: CesComp,U8,(3126-9-51)] [O: CesConstraint,SERIES,(3126-57-22)]
[Skipped][Addition] - [FE->BE] [P: CesComp,U8,(3126-9-51)] [O: CesConstraint,HLT_POWER_SCALING_FACT,(3126-58-22)]
[Skipped][Addition] - [FE->BE] [P: CesComp,C27,(3126-11-51)] [O: CesConstraint,SERIES,(3126-62-22)]
[Skipped][Addition] - [FE->BE] [P: CesComp,C27,(3126-11-51)] [O: CesConstraint,DEF_VALUE,(3126-63-22)]
[Skipped][Addition] - [FE->BE] [P: CesComp,C27,(3126-11-51)] [O: CesConstraint,HLT_POWER_SCALING_FACT,(3126-64-22)]
[Skipped][Addition] - [FE->BE] [P: CesComp,C28,(3126-12-51)] [O: CesConstraint,SERIES,(3126-65-22)]
[Skipped][Addition] - [FE->BE] [P: CesComp,C28,(3126-12-51)] [O: CesConstraint,DEF_VALUE,(3126-66-22)]
[Skipped][Addition] - [FE->BE] [P: CesComp,C28,(3126-12-51)] [O: CesConstraint,HLT_POWER_SCALING_FACT,(3126-67-22)]
[Skipped][Addition] - [FE->BE] [P: CesComp,C29,(3126-13-51)] [O: CesConstraint,SERIES,(3126-68-22)]
[Skipped][Addition] - [FE->BE] [P: CesComp,C29,(3126-13-51)] [O: CesConstraint,DEF_VALUE,(3126-69-22)]
[Skipped][Addition] - [FE->BE] [P: CesComp,C29,(3126-13-51)] [O: CesConstraint,HLT_POWER_SCALING_FACT,(3126-70-22)]
[Skipped][Addition] - [FE->BE] [P: CesComp,L1,(3126-14-51)] [O: CesConstraint,SERIES,(3126-71-22)]
[Skipped][Addition] - [FE->BE] [P: CesComp,L1,(3126-14-51)] [O: CesConstraint,DEF_VALUE,(3126-72-22)]
[Skipped][Addition] - [FE->BE] [P: CesComp,L1,(3126-14-51)] [O: CesConstraint,HLT_POWER_SCALING_FACT,(3126-73-22)]
[Skipped][Addition] - [FE->BE] [P: CesComp,R22,(3126-15-51)] [O: CesConstraint,SERIES,(3126-74-22)]
[Skipped][Addition] - [FE->BE] [P: CesComp,R22,(3126-15-51)] [O: CesConstraint,DEF_VALUE,(3126-75-22)]
[Skipped][Addition] - [FE->BE] [P: CesComp,R22,(3126-15-51)] [O: CesConstraint,HLT_POWER_SCALING_FACT,(3126-76-22)]
[Skipped][Addition] - [FE->BE] [P: CesComp,R23,(3126-16-51)] [O: CesConstraint,SERIES,(3126-77-22)]
[Skipped][Addition] - [FE->BE] [P: CesComp,R23,(3126-16-51)] [O: CesConstraint,DEF_VALUE,(3126-78-22)]
[Skipped][Addition] - [FE->BE] [P: CesComp,R23,(3126-16-51)] [O: CesConstraint,HLT_POWER_SCALING_FACT,(3126-79-22)]
[Skipped][Addition] - [FE->BE] [P: CesComp,R24,(3126-17-51)] [O: CesConstraint,SERIES,(3126-80-22)]
[Skipped][Addition] - [FE->BE] [P: CesComp,R24,(3126-17-51)] [O: CesConstraint,DEF_VALUE,(3126-81-22)]
[Skipped][Addition] - [FE->BE] [P: CesComp,R24,(3126-17-51)] [O: CesConstraint,HLT_POWER_SCALING_FACT,(3126-82-22)]
[Skipped][Addition] - [FE->BE] [P: CesComp,D3,(3126-18-51)] [O: CesConstraint,SERIES,(3126-83-22)]
[Skipped][Addition] - [FE->BE] [P: CesComp,D3,(3126-18-51)] [O: CesConstraint,HLT_POWER_SCALING_FACT,(3126-84-22)]
[Skipped][Addition] - [FE->BE] [P: CesComp,L2,(3126-19-51)] [O: CesConstraint,SERIES,(3126-85-22)]
[Skipped][Addition] - [FE->BE] [P: CesComp,L2,(3126-19-51)] [O: CesConstraint,DEF_VALUE,(3126-86-22)]
[Skipped][Addition] - [FE->BE] [P: CesComp,L2,(3126-19-51)] [O: CesConstraint,HLT_POWER_SCALING_FACT,(3126-87-22)]
[Skipped][Addition] - [FE->BE] [P: CesComp,R25,(3126-20-51)] [O: CesConstraint,SERIES,(3126-88-22)]
[Skipped][Addition] - [FE->BE] [P: CesComp,R25,(3126-20-51)] [O: CesConstraint,DEF_VALUE,(3126-89-22)]
[Skipped][Addition] - [FE->BE] [P: CesComp,R25,(3126-20-51)] [O: CesConstraint,HLT_POWER_SCALING_FACT,(3126-90-22)]
[Skipped][Addition] - [FE->BE] [P: CesComp,R26,(3126-21-51)] [O: CesConstraint,SERIES,(3126-91-22)]
[Skipped][Addition] - [FE->BE] [P: CesComp,R26,(3126-21-51)] [O: CesConstraint,DEF_VALUE,(3126-92-22)]
[Skipped][Addition] - [FE->BE] [P: CesComp,R26,(3126-21-51)] [O: CesConstraint,HLT_POWER_SCALING_FACT,(3126-93-22)]
[Skipped][Addition] - [FE->BE] [P: CesComp,R27,(3126-22-51)] [O: CesConstraint,SERIES,(3126-94-22)]
[Skipped][Addition] - [FE->BE] [P: CesComp,R27,(3126-22-51)] [O: CesConstraint,DEF_VALUE,(3126-95-22)]
[Skipped][Addition] - [FE->BE] [P: CesComp,R27,(3126-22-51)] [O: CesConstraint,HLT_POWER_SCALING_FACT,(3126-96-22)]
[Skipped][Addition] - [FE->BE] [P: CesComp,R28,(3126-23-51)] [O: CesConstraint,SERIES,(3126-97-22)]
[Skipped][Addition] - [FE->BE] [P: CesComp,R28,(3126-23-51)] [O: CesConstraint,DEF_VALUE,(3126-98-22)]
[Skipped][Addition] - [FE->BE] [P: CesComp,R28,(3126-23-51)] [O: CesConstraint,HLT_POWER_SCALING_FACT,(3126-99-22)]
[Skipped][Addition] - [FE->BE] [P: CesComp,R29,(3126-24-51)] [O: CesConstraint,SERIES,(3126-100-22)]
[Skipped][Addition] - [FE->BE] [P: CesComp,R29,(3126-24-51)] [O: CesConstraint,DEF_VALUE,(3126-101-22)]
[Skipped][Addition] - [FE->BE] [P: CesComp,R29,(3126-24-51)] [O: CesConstraint,HLT_POWER_SCALING_FACT,(3126-102-22)]
[Skipped][Addition] - [FE->BE] [P: CesComp,C30,(3126-25-51)] [O: CesConstraint,SERIES,(3126-103-22)]
[Skipped][Addition] - [FE->BE] [P: CesComp,C30,(3126-25-51)] [O: CesConstraint,DEF_VALUE,(3126-104-22)]
[Skipped][Addition] - [FE->BE] [P: CesComp,C30,(3126-25-51)] [O: CesConstraint,HLT_POWER_SCALING_FACT,(3126-105-22)]
[Skipped][Addition] - [FE->BE] [P: CesComp,C31,(3126-26-51)] [O: CesConstraint,SERIES,(3126-106-22)]
[Skipped][Addition] - [FE->BE] [P: CesComp,C31,(3126-26-51)] [O: CesConstraint,DEF_VALUE,(3126-107-22)]
[Skipped][Addition] - [FE->BE] [P: CesComp,C31,(3126-26-51)] [O: CesConstraint,HLT_POWER_SCALING_FACT,(3126-108-22)]
[Skipped][Addition] - [FE->BE] [P: CesComp,C32,(3126-27-51)] [O: CesConstraint,SERIES,(3126-109-22)]
[Skipped][Addition] - [FE->BE] [P: CesComp,C32,(3126-27-51)] [O: CesConstraint,DEF_VALUE,(3126-110-22)]
[Skipped][Addition] - [FE->BE] [P: CesComp,C32,(3126-27-51)] [O: CesConstraint,HLT_POWER_SCALING_FACT,(3126-111-22)]
[Skipped][Addition] - [FE->BE] [P: CesComp,C23,(3126-1-51)] [O: CesConstraint,PACKAGED_COMP,(3126-112-22)]
[Skipped][Addition] - [FE->BE] [P: CesComp,C24,(3126-2-51)] [O: CesConstraint,PACKAGED_COMP,(3126-113-22)]
[Skipped][Addition] - [FE->BE] [P: CesComp,C25,(3126-3-51)] [O: CesConstraint,PACKAGED_COMP,(3126-114-22)]
[Skipped][Addition] - [FE->BE] [P: CesComp,R18,(3126-4-51)] [O: CesConstraint,PACKAGED_COMP,(3126-115-22)]
[Skipped][Addition] - [FE->BE] [P: CesComp,R19,(3126-5-51)] [O: CesConstraint,PACKAGED_COMP,(3126-116-22)]
[Skipped][Addition] - [FE->BE] [P: CesComp,R20,(3126-6-51)] [O: CesConstraint,PACKAGED_COMP,(3126-117-22)]
[Skipped][Addition] - [FE->BE] [P: CesComp,C26,(3126-7-51)] [O: CesConstraint,PACKAGED_COMP,(3126-118-22)]
[Skipped][Addition] - [FE->BE] [P: CesComp,U5,(3126-8-51)] [O: CesConstraint,PACKAGED_COMP,(3126-119-22)]
[Skipped][Addition] - [FE->BE] [P: CesComp,U8,(3126-9-51)] [O: CesConstraint,PACKAGED_COMP,(3126-120-22)]
[Skipped][Addition] - [FE->BE] [P: CesComp,C27,(3126-11-51)] [O: CesConstraint,PACKAGED_COMP,(3126-122-22)]
[Skipped][Addition] - [FE->BE] [P: CesComp,C28,(3126-12-51)] [O: CesConstraint,PACKAGED_COMP,(3126-123-22)]
[Skipped][Addition] - [FE->BE] [P: CesComp,C29,(3126-13-51)] [O: CesConstraint,PACKAGED_COMP,(3126-124-22)]
[Skipped][Addition] - [FE->BE] [P: CesComp,L1,(3126-14-51)] [O: CesConstraint,PACKAGED_COMP,(3126-125-22)]
[Skipped][Addition] - [FE->BE] [P: CesComp,R22,(3126-15-51)] [O: CesConstraint,PACKAGED_COMP,(3126-126-22)]
[Skipped][Addition] - [FE->BE] [P: CesComp,R23,(3126-16-51)] [O: CesConstraint,PACKAGED_COMP,(3126-127-22)]
[Skipped][Addition] - [FE->BE] [P: CesComp,R24,(3126-17-51)] [O: CesConstraint,PACKAGED_COMP,(3126-128-22)]
[Skipped][Addition] - [FE->BE] [P: CesComp,D3,(3126-18-51)] [O: CesConstraint,PACKAGED_COMP,(3126-129-22)]
[Skipped][Addition] - [FE->BE] [P: CesComp,L2,(3126-19-51)] [O: CesConstraint,PACKAGED_COMP,(3126-130-22)]
[Skipped][Addition] - [FE->BE] [P: CesComp,R25,(3126-20-51)] [O: CesConstraint,PACKAGED_COMP,(3126-131-22)]
[Skipped][Addition] - [FE->BE] [P: CesComp,R26,(3126-21-51)] [O: CesConstraint,PACKAGED_COMP,(3126-132-22)]
[Skipped][Addition] - [FE->BE] [P: CesComp,R27,(3126-22-51)] [O: CesConstraint,PACKAGED_COMP,(3126-133-22)]
[Skipped][Addition] - [FE->BE] [P: CesComp,R28,(3126-23-51)] [O: CesConstraint,PACKAGED_COMP,(3126-134-22)]
[Skipped][Addition] - [FE->BE] [P: CesComp,R29,(3126-24-51)] [O: CesConstraint,PACKAGED_COMP,(3126-135-22)]
[Skipped][Addition] - [FE->BE] [P: CesComp,C30,(3126-25-51)] [O: CesConstraint,PACKAGED_COMP,(3126-136-22)]
[Skipped][Addition] - [FE->BE] [P: CesComp,C31,(3126-26-51)] [O: CesConstraint,PACKAGED_COMP,(3126-137-22)]
[Skipped][Addition] - [FE->BE] [P: CesComp,C32,(3126-27-51)] [O: CesConstraint,PACKAGED_COMP,(3126-138-22)]
[Skipped][Addition] - [FE->BE] [P: CesPart,00-0086,(3138-1-53)] [O: CesConstraint,PART_TYPE,(3138-1-22)]
[Skipped][Addition] - [FE->BE] [P: CesPart,00-0086,(3138-1-53)] [O: CesConstraint,DEF_VALUE,(3138-2-22)]
[Skipped][Addition] - [FE->BE] [P: CesComp,R21,(3138-1-51)] [O: CesConstraint,SERIES,(3138-3-22)]
[Skipped][Addition] - [FE->BE] [P: CesComp,R21,(3138-1-51)] [O: CesConstraint,DEF_VALUE,(3138-4-22)]
[Skipped][Addition] - [FE->BE] [P: CesComp,R21,(3138-1-51)] [O: CesConstraint,HLT_POWER_SCALING_FACT,(3138-5-22)]
[Skipped][Addition] - [FE->BE] [P: CesComp,R21,(3138-1-51)] [O: CesConstraint,PACKAGED_COMP,(3138-6-22)]
--------------------------------------------------------------------------------
 CES synchronization - END (2016-11-18 15:19:35) 
--------------------------------------------------------------------------------
--------------------------------------------------------------------------------
 Project integration - END (2016-11-18 15:19:35) 
--------------------------------------------------------------------------------
