--------------------------------------------------------------------------------
 Project integration - START (2016-11-22 20:50:31) 
--------------------------------------------------------------------------------
FE snapshot name: DCDV
BE snapshot name: PCB_Layout_Temp
Top level block: (2-1-5)
Parameters: FAConstraints,FEWin,
--------------------------------------------------------------------------------
--------------------------------------------------------------------------------
 CES synchronization - START (2016-11-22 20:50:31) 
--------------------------------------------------------------------------------

--------------------------------------------------------------------------------
 TOPOLOGY synchronization - START (2016-11-22 20:50:31) 
--------------------------------------------------------------------------------
--------------------------------------------------------------------------------
 TOPOLOGY synchronization - END (2016-11-22 20:50:31) 
--------------------------------------------------------------------------------
[Ok][Modification] - [FE->BE] [P: CesComp,R29,(3126-24-51)] [O: CesConstraint,DEF_VALUE,(3126-101-22)]
[Ok][Modification] - [FE->BE] [P: CesComp,R3,(3220-18-51)] [O: CesConstraint,DEF_VALUE,(3220-63-22)]
[Ok][Modification] - [FE->BE] [P: CesComp,R5,(3220-19-51)] [O: CesConstraint,DEF_VALUE,(3220-66-22)]
[Ok][Modification] - [FE->BE] [P: CesComp,R22,(3220-21-51)] [O: CesConstraint,DEF_VALUE,(3220-72-22)]
[Ok][Modification] - [FE->BE] [P: CesComp,R23,(3220-26-51)] [O: CesConstraint,DEF_VALUE,(3220-85-22)]
[Skipped][Addition] - [FE->BE] [P: CesPart,01-0289,(3264-1-53)] [O: CesConstraint,PART_TYPE,(3264-1-22)]
[Skipped][Addition] - [FE->BE] [P: CesPart,01-0289,(3264-1-53)] [O: CesConstraint,DEF_VALUE,(3264-2-22)]
[Skipped][Addition] - [FE->BE] [P: CesPart,00-0110,(3264-2-53)] [O: CesConstraint,PART_TYPE,(3264-3-22)]
[Skipped][Addition] - [FE->BE] [P: CesPart,00-0110,(3264-2-53)] [O: CesConstraint,DEF_VALUE,(3264-4-22)]
[Skipped][Addition] - [FE->BE] [P: CesComp,R1,(3264-1-51)] [O: CesConstraint,SERIES,(3264-5-22)]
[Skipped][Addition] - [FE->BE] [P: CesComp,R1,(3264-1-51)] [O: CesConstraint,DEF_VALUE,(3264-6-22)]
[Skipped][Addition] - [FE->BE] [P: CesComp,R1,(3264-1-51)] [O: CesConstraint,HLT_POWER_SCALING_FACT,(3264-7-22)]
[Skipped][Addition] - [FE->BE] [P: CesComp,R12,(3264-2-51)] [O: CesConstraint,SERIES,(3264-8-22)]
[Skipped][Addition] - [FE->BE] [P: CesComp,R12,(3264-2-51)] [O: CesConstraint,DEF_VALUE,(3264-9-22)]
[Skipped][Addition] - [FE->BE] [P: CesComp,R12,(3264-2-51)] [O: CesConstraint,HLT_POWER_SCALING_FACT,(3264-10-22)]
[Skipped][Addition] - [FE->BE] [P: CesComp,R14,(3264-3-51)] [O: CesConstraint,SERIES,(3264-11-22)]
[Skipped][Addition] - [FE->BE] [P: CesComp,R14,(3264-3-51)] [O: CesConstraint,DEF_VALUE,(3264-12-22)]
[Skipped][Addition] - [FE->BE] [P: CesComp,R14,(3264-3-51)] [O: CesConstraint,HLT_POWER_SCALING_FACT,(3264-13-22)]
[Skipped][Addition] - [FE->BE] [P: CesComp,R1,(3264-1-51)] [O: CesConstraint,PACKAGED_COMP,(3264-14-22)]
[Skipped][Addition] - [FE->BE] [P: CesComp,R12,(3264-2-51)] [O: CesConstraint,PACKAGED_COMP,(3264-15-22)]
[Skipped][Addition] - [FE->BE] [P: CesComp,R14,(3264-3-51)] [O: CesConstraint,PACKAGED_COMP,(3264-16-22)]
[Skipped][Addition] - [FE->BE] [P: CesPart,00-0001,(3271-1-53)] [O: CesConstraint,PART_TYPE,(3271-1-22)]
[Skipped][Addition] - [FE->BE] [P: CesPart,00-0001,(3271-1-53)] [O: CesConstraint,DEF_VALUE,(3271-2-22)]
[Skipped][Addition] - [FE->BE] [P: CesComp,R15,(3271-1-51)] [O: CesConstraint,SERIES,(3271-3-22)]
[Skipped][Addition] - [FE->BE] [P: CesComp,R15,(3271-1-51)] [O: CesConstraint,DEF_VALUE,(3271-4-22)]
[Skipped][Addition] - [FE->BE] [P: CesComp,R15,(3271-1-51)] [O: CesConstraint,HLT_POWER_SCALING_FACT,(3271-5-22)]
[Skipped][Addition] - [FE->BE] [P: CesComp,R15,(3271-1-51)] [O: CesConstraint,PACKAGED_COMP,(3271-6-22)]
--------------------------------------------------------------------------------
 CES synchronization - END (2016-11-22 20:50:31) 
--------------------------------------------------------------------------------
--------------------------------------------------------------------------------
 Project integration - END (2016-11-22 20:50:31) 
--------------------------------------------------------------------------------
