--------------------------------------------------------------------------------
 Project integration - START (2016-11-13 18:34:10) 
--------------------------------------------------------------------------------
FE snapshot name: DCDV
BE snapshot name: PCB_Layout_Temp
Top level block: (2-1-5)
Parameters: FAConstraints,FEWin,
--------------------------------------------------------------------------------
--------------------------------------------------------------------------------
 CES synchronization - START (2016-11-13 18:34:10) 
--------------------------------------------------------------------------------

--------------------------------------------------------------------------------
 TOPOLOGY synchronization - START (2016-11-13 18:34:10) 
--------------------------------------------------------------------------------
--------------------------------------------------------------------------------
 TOPOLOGY synchronization - END (2016-11-13 18:34:10) 
--------------------------------------------------------------------------------
[Skipped][Addition] - [FE->BE] [P: CesPart,70-0028,(2908-1-53)] [O: CesConstraint,PART_TYPE,(2908-1-22)]
[Skipped][Addition] - [FE->BE] [P: CesPart,80-0067,(2908-2-53)] [O: CesConstraint,PART_TYPE,(2908-2-22)]
[Skipped][Addition] - [FE->BE] [P: CesPart,40-0291,(2908-3-53)] [O: CesConstraint,PART_TYPE,(2908-3-22)]
[Skipped][Addition] - [FE->BE] [P: CesPart,70-0081,(2908-6-53)] [O: CesConstraint,PART_TYPE,(2908-8-22)]
[Skipped][Addition] - [FE->BE] [P: CesPart,30-0019,(2908-7-53)] [O: CesConstraint,PART_TYPE,(2908-9-22)]
[Skipped][Addition] - [FE->BE] [P: CesPart,00-0033,(2908-8-53)] [O: CesConstraint,PART_TYPE,(2908-10-22)]
[Skipped][Addition] - [FE->BE] [P: CesPart,00-0033,(2908-8-53)] [O: CesConstraint,DEF_VALUE,(2908-11-22)]
[Skipped][Addition] - [FE->BE] [P: CesPart,00-0098,(2908-9-53)] [O: CesConstraint,PART_TYPE,(2908-12-22)]
[Skipped][Addition] - [FE->BE] [P: CesPart,00-0098,(2908-9-53)] [O: CesConstraint,DEF_VALUE,(2908-13-22)]
[Skipped][Addition] - [FE->BE] [P: CesPart,40-0229,(2908-10-53)] [O: CesConstraint,PART_TYPE,(2908-14-22)]
[Skipped][Addition] - [FE->BE] [P: CesPart,40-0287,(2908-11-53)] [O: CesConstraint,PART_TYPE,(2908-15-22)]
[Skipped][Addition] - [FE->BE] [P: CesPart,00-0074,(2908-13-53)] [O: CesConstraint,PART_TYPE,(2908-18-22)]
[Skipped][Addition] - [FE->BE] [P: CesPart,00-0074,(2908-13-53)] [O: CesConstraint,DEF_VALUE,(2908-19-22)]
[Skipped][Addition] - [FE->BE] [P: CesPart,20-0003,(2908-14-53)] [O: CesConstraint,PART_TYPE,(2908-20-22)]
[Skipped][Addition] - [FE->BE] [P: CesPart,20-0047,(2908-15-53)] [O: CesConstraint,PART_TYPE,(2908-21-22)]
[Skipped][Addition] - [FE->BE] [P: CesPart,30-0022,(2908-16-53)] [O: CesConstraint,PART_TYPE,(2908-22-22)]
[Skipped][Addition] - [FE->BE] [P: CesPart,00-0122,(2908-17-53)] [O: CesConstraint,PART_TYPE,(2908-23-22)]
[Skipped][Addition] - [FE->BE] [P: CesPart,00-0122,(2908-17-53)] [O: CesConstraint,DEF_VALUE,(2908-24-22)]
[Skipped][Addition] - [FE->BE] [P: CesPart,10-0060,(2908-18-53)] [O: CesConstraint,PART_TYPE,(2908-25-22)]
[Skipped][Addition] - [FE->BE] [P: CesPart,10-0060,(2908-18-53)] [O: CesConstraint,DEF_VALUE,(2908-26-22)]
[Skipped][Addition] - [FE->BE] [P: CesPart,70-0093,(2908-19-53)] [O: CesConstraint,PART_TYPE,(2908-27-22)]
[Skipped][Addition] - [FE->BE] [P: CesPart,70-0065,(2908-20-53)] [O: CesConstraint,PART_TYPE,(2908-28-22)]
[Skipped][Addition] - [FE->BE] [P: CesPart,40-0292,(2908-21-53)] [O: CesConstraint,PART_TYPE,(2908-29-22)]
[Skipped][Addition] - [FE->BE] [P: CesPart,40-0301,(2908-23-53)] [O: CesConstraint,PART_TYPE,(2908-32-22)]
[Skipped][Addition] - [FE->BE] [P: CesPart,10-0057,(2908-24-53)] [O: CesConstraint,PART_TYPE,(2908-33-22)]
[Skipped][Addition] - [FE->BE] [P: CesPart,10-0057,(2908-24-53)] [O: CesConstraint,DEF_VALUE,(2908-34-22)]
[Skipped][Addition] - [FE->BE] [P: CesPart,10-0059,(2908-25-53)] [O: CesConstraint,PART_TYPE,(2908-35-22)]
[Skipped][Addition] - [FE->BE] [P: CesPart,10-0059,(2908-25-53)] [O: CesConstraint,DEF_VALUE,(2908-36-22)]
[Skipped][Addition] - [FE->BE] [P: CesComp,J1,(2908-1-51)] [O: CesConstraint,SERIES,(2908-37-22)]
[Skipped][Addition] - [FE->BE] [P: CesComp,J1,(2908-1-51)] [O: CesConstraint,HLT_POWER_SCALING_FACT,(2908-38-22)]
[Skipped][Addition] - [FE->BE] [P: CesComp,J2,(2908-2-51)] [O: CesConstraint,SERIES,(2908-39-22)]
[Skipped][Addition] - [FE->BE] [P: CesComp,J2,(2908-2-51)] [O: CesConstraint,HLT_POWER_SCALING_FACT,(2908-40-22)]
[Skipped][Addition] - [FE->BE] [P: CesComp,J3,(2908-3-51)] [O: CesConstraint,SERIES,(2908-41-22)]
[Skipped][Addition] - [FE->BE] [P: CesComp,J3,(2908-3-51)] [O: CesConstraint,HLT_POWER_SCALING_FACT,(2908-42-22)]
[Skipped][Addition] - [FE->BE] [P: CesComp,U1,(2908-4-51)] [O: CesConstraint,SERIES,(2908-43-22)]
[Skipped][Addition] - [FE->BE] [P: CesComp,U1,(2908-4-51)] [O: CesConstraint,HLT_POWER_SCALING_FACT,(2908-44-22)]
[Skipped][Addition] - [FE->BE] [P: CesComp,U2,(2908-5-51)] [O: CesConstraint,SERIES,(2908-45-22)]
[Skipped][Addition] - [FE->BE] [P: CesComp,U2,(2908-5-51)] [O: CesConstraint,HLT_POWER_SCALING_FACT,(2908-46-22)]
[Skipped][Addition] - [FE->BE] [P: CesComp,J4,(2908-8-51)] [O: CesConstraint,SERIES,(2908-53-22)]
[Skipped][Addition] - [FE->BE] [P: CesComp,J4,(2908-8-51)] [O: CesConstraint,HLT_POWER_SCALING_FACT,(2908-54-22)]
[Skipped][Addition] - [FE->BE] [P: CesComp,Q1,(2908-9-51)] [O: CesConstraint,SERIES,(2908-55-22)]
[Skipped][Addition] - [FE->BE] [P: CesComp,Q1,(2908-9-51)] [O: CesConstraint,HLT_POWER_SCALING_FACT,(2908-56-22)]
[Skipped][Addition] - [FE->BE] [P: CesComp,R1,(2908-10-51)] [O: CesConstraint,SERIES,(2908-57-22)]
[Skipped][Addition] - [FE->BE] [P: CesComp,R1,(2908-10-51)] [O: CesConstraint,DEF_VALUE,(2908-58-22)]
[Skipped][Addition] - [FE->BE] [P: CesComp,R1,(2908-10-51)] [O: CesConstraint,HLT_POWER_SCALING_FACT,(2908-59-22)]
[Skipped][Addition] - [FE->BE] [P: CesComp,R2,(2908-11-51)] [O: CesConstraint,SERIES,(2908-60-22)]
[Skipped][Addition] - [FE->BE] [P: CesComp,R2,(2908-11-51)] [O: CesConstraint,DEF_VALUE,(2908-61-22)]
[Skipped][Addition] - [FE->BE] [P: CesComp,R2,(2908-11-51)] [O: CesConstraint,HLT_POWER_SCALING_FACT,(2908-62-22)]
[Skipped][Addition] - [FE->BE] [P: CesComp,R4,(2908-13-51)] [O: CesConstraint,SERIES,(2908-66-22)]
[Skipped][Addition] - [FE->BE] [P: CesComp,R4,(2908-13-51)] [O: CesConstraint,DEF_VALUE,(2908-67-22)]
[Skipped][Addition] - [FE->BE] [P: CesComp,R4,(2908-13-51)] [O: CesConstraint,HLT_POWER_SCALING_FACT,(2908-68-22)]
[Skipped][Addition] - [FE->BE] [P: CesComp,U3,(2908-15-51)] [O: CesConstraint,SERIES,(2908-72-22)]
[Skipped][Addition] - [FE->BE] [P: CesComp,U3,(2908-15-51)] [O: CesConstraint,HLT_POWER_SCALING_FACT,(2908-73-22)]
[Skipped][Addition] - [FE->BE] [P: CesComp,U4,(2908-16-51)] [O: CesConstraint,SERIES,(2908-74-22)]
[Skipped][Addition] - [FE->BE] [P: CesComp,U4,(2908-16-51)] [O: CesConstraint,HLT_POWER_SCALING_FACT,(2908-75-22)]
[Skipped][Addition] - [FE->BE] [P: CesComp,R6,(2908-19-51)] [O: CesConstraint,SERIES,(2908-82-22)]
[Skipped][Addition] - [FE->BE] [P: CesComp,R6,(2908-19-51)] [O: CesConstraint,DEF_VALUE,(2908-83-22)]
[Skipped][Addition] - [FE->BE] [P: CesComp,R6,(2908-19-51)] [O: CesConstraint,HLT_POWER_SCALING_FACT,(2908-84-22)]
[Skipped][Addition] - [FE->BE] [P: CesComp,D1,(2908-20-51)] [O: CesConstraint,SERIES,(2908-85-22)]
[Skipped][Addition] - [FE->BE] [P: CesComp,D1,(2908-20-51)] [O: CesConstraint,HLT_POWER_SCALING_FACT,(2908-86-22)]
[Skipped][Addition] - [FE->BE] [P: CesComp,D2,(2908-21-51)] [O: CesConstraint,SERIES,(2908-87-22)]
[Skipped][Addition] - [FE->BE] [P: CesComp,D2,(2908-21-51)] [O: CesConstraint,HLT_POWER_SCALING_FACT,(2908-88-22)]
[Skipped][Addition] - [FE->BE] [P: CesComp,Q2,(2908-22-51)] [O: CesConstraint,SERIES,(2908-89-22)]
[Skipped][Addition] - [FE->BE] [P: CesComp,Q2,(2908-22-51)] [O: CesConstraint,HLT_POWER_SCALING_FACT,(2908-90-22)]
[Skipped][Addition] - [FE->BE] [P: CesComp,R7,(2908-23-51)] [O: CesConstraint,SERIES,(2908-91-22)]
[Skipped][Addition] - [FE->BE] [P: CesComp,R7,(2908-23-51)] [O: CesConstraint,DEF_VALUE,(2908-92-22)]
[Skipped][Addition] - [FE->BE] [P: CesComp,R7,(2908-23-51)] [O: CesConstraint,HLT_POWER_SCALING_FACT,(2908-93-22)]
[Skipped][Addition] - [FE->BE] [P: CesComp,C5,(2908-24-51)] [O: CesConstraint,SERIES,(2908-94-22)]
[Skipped][Addition] - [FE->BE] [P: CesComp,C5,(2908-24-51)] [O: CesConstraint,DEF_VALUE,(2908-95-22)]
[Skipped][Addition] - [FE->BE] [P: CesComp,C5,(2908-24-51)] [O: CesConstraint,HLT_POWER_SCALING_FACT,(2908-96-22)]
[Skipped][Addition] - [FE->BE] [P: CesComp,C6,(2908-25-51)] [O: CesConstraint,SERIES,(2908-97-22)]
[Skipped][Addition] - [FE->BE] [P: CesComp,C6,(2908-25-51)] [O: CesConstraint,DEF_VALUE,(2908-98-22)]
[Skipped][Addition] - [FE->BE] [P: CesComp,C6,(2908-25-51)] [O: CesConstraint,HLT_POWER_SCALING_FACT,(2908-99-22)]
[Skipped][Addition] - [FE->BE] [P: CesComp,U5,(2908-26-51)] [O: CesConstraint,SERIES,(2908-100-22)]
[Skipped][Addition] - [FE->BE] [P: CesComp,U5,(2908-26-51)] [O: CesConstraint,HLT_POWER_SCALING_FACT,(2908-101-22)]
[Skipped][Addition] - [FE->BE] [P: CesComp,J5,(2908-27-51)] [O: CesConstraint,SERIES,(2908-102-22)]
[Skipped][Addition] - [FE->BE] [P: CesComp,J5,(2908-27-51)] [O: CesConstraint,HLT_POWER_SCALING_FACT,(2908-103-22)]
[Skipped][Addition] - [FE->BE] [P: CesComp,U6,(2908-28-51)] [O: CesConstraint,SERIES,(2908-104-22)]
[Skipped][Addition] - [FE->BE] [P: CesComp,U6,(2908-28-51)] [O: CesConstraint,HLT_POWER_SCALING_FACT,(2908-105-22)]
[Skipped][Addition] - [FE->BE] [P: CesComp,U7,(2908-31-51)] [O: CesConstraint,SERIES,(2908-112-22)]
[Skipped][Addition] - [FE->BE] [P: CesComp,U7,(2908-31-51)] [O: CesConstraint,HLT_POWER_SCALING_FACT,(2908-113-22)]
[Skipped][Addition] - [FE->BE] [P: CesComp,C7,(2908-32-51)] [O: CesConstraint,SERIES,(2908-114-22)]
[Skipped][Addition] - [FE->BE] [P: CesComp,C7,(2908-32-51)] [O: CesConstraint,DEF_VALUE,(2908-115-22)]
[Skipped][Addition] - [FE->BE] [P: CesComp,C7,(2908-32-51)] [O: CesConstraint,HLT_POWER_SCALING_FACT,(2908-116-22)]
[Skipped][Addition] - [FE->BE] [P: CesComp,J1,(2908-1-51)] [O: CesConstraint,PACKAGED_COMP,(2908-123-22)]
[Skipped][Addition] - [FE->BE] [P: CesComp,J2,(2908-2-51)] [O: CesConstraint,PACKAGED_COMP,(2908-124-22)]
[Skipped][Addition] - [FE->BE] [P: CesComp,J3,(2908-3-51)] [O: CesConstraint,PACKAGED_COMP,(2908-125-22)]
[Skipped][Addition] - [FE->BE] [P: CesComp,U1,(2908-4-51)] [O: CesConstraint,PACKAGED_COMP,(2908-126-22)]
[Skipped][Addition] - [FE->BE] [P: CesComp,U2,(2908-5-51)] [O: CesConstraint,PACKAGED_COMP,(2908-127-22)]
[Skipped][Addition] - [FE->BE] [P: CesComp,J4,(2908-8-51)] [O: CesConstraint,PACKAGED_COMP,(2908-130-22)]
[Skipped][Addition] - [FE->BE] [P: CesComp,Q1,(2908-9-51)] [O: CesConstraint,PACKAGED_COMP,(2908-131-22)]
[Skipped][Addition] - [FE->BE] [P: CesComp,R1,(2908-10-51)] [O: CesConstraint,PACKAGED_COMP,(2908-132-22)]
[Skipped][Addition] - [FE->BE] [P: CesComp,R2,(2908-11-51)] [O: CesConstraint,PACKAGED_COMP,(2908-133-22)]
[Skipped][Addition] - [FE->BE] [P: CesComp,R4,(2908-13-51)] [O: CesConstraint,PACKAGED_COMP,(2908-135-22)]
[Skipped][Addition] - [FE->BE] [P: CesComp,U3,(2908-15-51)] [O: CesConstraint,PACKAGED_COMP,(2908-137-22)]
[Skipped][Addition] - [FE->BE] [P: CesComp,U4,(2908-16-51)] [O: CesConstraint,PACKAGED_COMP,(2908-138-22)]
[Skipped][Addition] - [FE->BE] [P: CesComp,R6,(2908-19-51)] [O: CesConstraint,PACKAGED_COMP,(2908-141-22)]
[Skipped][Addition] - [FE->BE] [P: CesComp,D1,(2908-20-51)] [O: CesConstraint,PACKAGED_COMP,(2908-142-22)]
[Skipped][Addition] - [FE->BE] [P: CesComp,D2,(2908-21-51)] [O: CesConstraint,PACKAGED_COMP,(2908-143-22)]
[Skipped][Addition] - [FE->BE] [P: CesComp,Q2,(2908-22-51)] [O: CesConstraint,PACKAGED_COMP,(2908-144-22)]
[Skipped][Addition] - [FE->BE] [P: CesComp,R7,(2908-23-51)] [O: CesConstraint,PACKAGED_COMP,(2908-145-22)]
[Skipped][Addition] - [FE->BE] [P: CesComp,C5,(2908-24-51)] [O: CesConstraint,PACKAGED_COMP,(2908-146-22)]
[Skipped][Addition] - [FE->BE] [P: CesComp,C6,(2908-25-51)] [O: CesConstraint,PACKAGED_COMP,(2908-147-22)]
[Skipped][Addition] - [FE->BE] [P: CesComp,U5,(2908-26-51)] [O: CesConstraint,PACKAGED_COMP,(2908-148-22)]
[Skipped][Addition] - [FE->BE] [P: CesComp,J5,(2908-27-51)] [O: CesConstraint,PACKAGED_COMP,(2908-149-22)]
[Skipped][Addition] - [FE->BE] [P: CesComp,U6,(2908-28-51)] [O: CesConstraint,PACKAGED_COMP,(2908-150-22)]
[Skipped][Addition] - [FE->BE] [P: CesComp,U7,(2908-31-51)] [O: CesConstraint,PACKAGED_COMP,(2908-153-22)]
[Skipped][Addition] - [FE->BE] [P: CesComp,C7,(2908-32-51)] [O: CesConstraint,PACKAGED_COMP,(2908-154-22)]
[Skipped][Addition] - [FE->BE] [P: CesPart,81-0013,(2935-1-53)] [O: CesConstraint,PART_TYPE,(2935-1-22)]
[Skipped][Addition] - [FE->BE] [P: CesPart,10-0030,(2935-2-53)] [O: CesConstraint,PART_TYPE,(2935-2-22)]
[Skipped][Addition] - [FE->BE] [P: CesPart,10-0030,(2935-2-53)] [O: CesConstraint,DEF_VALUE,(2935-3-22)]
[Skipped][Addition] - [FE->BE] [P: CesComp,QZ1,(2935-10-51)] [O: CesConstraint,SERIES,(2935-31-22)]
[Skipped][Addition] - [FE->BE] [P: CesComp,QZ1,(2935-10-51)] [O: CesConstraint,HLT_POWER_SCALING_FACT,(2935-32-22)]
[Skipped][Addition] - [FE->BE] [P: CesComp,C19,(2935-11-51)] [O: CesConstraint,SERIES,(2935-33-22)]
[Skipped][Addition] - [FE->BE] [P: CesComp,C19,(2935-11-51)] [O: CesConstraint,DEF_VALUE,(2935-34-22)]
[Skipped][Addition] - [FE->BE] [P: CesComp,C19,(2935-11-51)] [O: CesConstraint,HLT_POWER_SCALING_FACT,(2935-35-22)]
[Skipped][Addition] - [FE->BE] [P: CesComp,C20,(2935-12-51)] [O: CesConstraint,SERIES,(2935-36-22)]
[Skipped][Addition] - [FE->BE] [P: CesComp,C20,(2935-12-51)] [O: CesConstraint,DEF_VALUE,(2935-37-22)]
[Skipped][Addition] - [FE->BE] [P: CesComp,C20,(2935-12-51)] [O: CesConstraint,HLT_POWER_SCALING_FACT,(2935-38-22)]
[Skipped][Addition] - [FE->BE] [P: CesComp,QZ1,(2935-10-51)] [O: CesConstraint,PACKAGED_COMP,(2935-48-22)]
[Skipped][Addition] - [FE->BE] [P: CesComp,C19,(2935-11-51)] [O: CesConstraint,PACKAGED_COMP,(2935-49-22)]
[Skipped][Addition] - [FE->BE] [P: CesComp,C20,(2935-12-51)] [O: CesConstraint,PACKAGED_COMP,(2935-50-22)]
[Skipped][Addition] - [FE->BE] [P: CesPart,10-0103,(2951-1-53)] [O: CesConstraint,PART_TYPE,(2951-1-22)]
[Skipped][Addition] - [FE->BE] [P: CesPart,10-0103,(2951-1-53)] [O: CesConstraint,DEF_VALUE,(2951-2-22)]
[Skipped][Addition] - [FE->BE] [P: CesPart,00-0090,(2951-2-53)] [O: CesConstraint,PART_TYPE,(2951-3-22)]
[Skipped][Addition] - [FE->BE] [P: CesPart,00-0090,(2951-2-53)] [O: CesConstraint,DEF_VALUE,(2951-4-22)]
[Skipped][Addition] - [FE->BE] [P: CesPart,70-0002,(2951-3-53)] [O: CesConstraint,PART_TYPE,(2951-5-22)]
[Skipped][Addition] - [FE->BE] [P: CesComp,C1,(2951-1-51)] [O: CesConstraint,SERIES,(2951-6-22)]
[Skipped][Addition] - [FE->BE] [P: CesComp,C1,(2951-1-51)] [O: CesConstraint,DEF_VALUE,(2951-7-22)]
[Skipped][Addition] - [FE->BE] [P: CesComp,C1,(2951-1-51)] [O: CesConstraint,HLT_POWER_SCALING_FACT,(2951-8-22)]
[Skipped][Addition] - [FE->BE] [P: CesComp,C2,(2951-2-51)] [O: CesConstraint,SERIES,(2951-9-22)]
[Skipped][Addition] - [FE->BE] [P: CesComp,C2,(2951-2-51)] [O: CesConstraint,DEF_VALUE,(2951-10-22)]
[Skipped][Addition] - [FE->BE] [P: CesComp,C2,(2951-2-51)] [O: CesConstraint,HLT_POWER_SCALING_FACT,(2951-11-22)]
[Skipped][Addition] - [FE->BE] [P: CesComp,C3,(2951-3-51)] [O: CesConstraint,SERIES,(2951-12-22)]
[Skipped][Addition] - [FE->BE] [P: CesComp,C3,(2951-3-51)] [O: CesConstraint,DEF_VALUE,(2951-13-22)]
[Skipped][Addition] - [FE->BE] [P: CesComp,C3,(2951-3-51)] [O: CesConstraint,HLT_POWER_SCALING_FACT,(2951-14-22)]
[Skipped][Addition] - [FE->BE] [P: CesComp,C4,(2951-4-51)] [O: CesConstraint,SERIES,(2951-15-22)]
[Skipped][Addition] - [FE->BE] [P: CesComp,C4,(2951-4-51)] [O: CesConstraint,DEF_VALUE,(2951-16-22)]
[Skipped][Addition] - [FE->BE] [P: CesComp,C4,(2951-4-51)] [O: CesConstraint,HLT_POWER_SCALING_FACT,(2951-17-22)]
[Skipped][Addition] - [FE->BE] [P: CesComp,C8,(2951-5-51)] [O: CesConstraint,SERIES,(2951-18-22)]
[Skipped][Addition] - [FE->BE] [P: CesComp,C8,(2951-5-51)] [O: CesConstraint,DEF_VALUE,(2951-19-22)]
[Skipped][Addition] - [FE->BE] [P: CesComp,C8,(2951-5-51)] [O: CesConstraint,HLT_POWER_SCALING_FACT,(2951-20-22)]
[Skipped][Addition] - [FE->BE] [P: CesComp,C9,(2951-6-51)] [O: CesConstraint,SERIES,(2951-21-22)]
[Skipped][Addition] - [FE->BE] [P: CesComp,C9,(2951-6-51)] [O: CesConstraint,DEF_VALUE,(2951-22-22)]
[Skipped][Addition] - [FE->BE] [P: CesComp,C9,(2951-6-51)] [O: CesConstraint,HLT_POWER_SCALING_FACT,(2951-23-22)]
[Skipped][Addition] - [FE->BE] [P: CesComp,C10,(2951-7-51)] [O: CesConstraint,SERIES,(2951-24-22)]
[Skipped][Addition] - [FE->BE] [P: CesComp,C10,(2951-7-51)] [O: CesConstraint,DEF_VALUE,(2951-25-22)]
[Skipped][Addition] - [FE->BE] [P: CesComp,C10,(2951-7-51)] [O: CesConstraint,HLT_POWER_SCALING_FACT,(2951-26-22)]
[Skipped][Addition] - [FE->BE] [P: CesComp,R3,(2951-8-51)] [O: CesConstraint,SERIES,(2951-27-22)]
[Skipped][Addition] - [FE->BE] [P: CesComp,R3,(2951-8-51)] [O: CesConstraint,DEF_VALUE,(2951-28-22)]
[Skipped][Addition] - [FE->BE] [P: CesComp,R3,(2951-8-51)] [O: CesConstraint,HLT_POWER_SCALING_FACT,(2951-29-22)]
[Skipped][Addition] - [FE->BE] [P: CesComp,R5,(2951-9-51)] [O: CesConstraint,SERIES,(2951-30-22)]
[Skipped][Addition] - [FE->BE] [P: CesComp,R5,(2951-9-51)] [O: CesConstraint,DEF_VALUE,(2951-31-22)]
[Skipped][Addition] - [FE->BE] [P: CesComp,R5,(2951-9-51)] [O: CesConstraint,HLT_POWER_SCALING_FACT,(2951-32-22)]
[Skipped][Addition] - [FE->BE] [P: CesComp,R8,(2951-10-51)] [O: CesConstraint,SERIES,(2951-33-22)]
[Skipped][Addition] - [FE->BE] [P: CesComp,R8,(2951-10-51)] [O: CesConstraint,DEF_VALUE,(2951-34-22)]
[Skipped][Addition] - [FE->BE] [P: CesComp,R8,(2951-10-51)] [O: CesConstraint,HLT_POWER_SCALING_FACT,(2951-35-22)]
[Skipped][Addition] - [FE->BE] [P: CesComp,R9,(2951-11-51)] [O: CesConstraint,SERIES,(2951-36-22)]
[Skipped][Addition] - [FE->BE] [P: CesComp,R9,(2951-11-51)] [O: CesConstraint,DEF_VALUE,(2951-37-22)]
[Skipped][Addition] - [FE->BE] [P: CesComp,R9,(2951-11-51)] [O: CesConstraint,HLT_POWER_SCALING_FACT,(2951-38-22)]
[Skipped][Addition] - [FE->BE] [P: CesComp,R10,(2951-12-51)] [O: CesConstraint,SERIES,(2951-39-22)]
[Skipped][Addition] - [FE->BE] [P: CesComp,R10,(2951-12-51)] [O: CesConstraint,DEF_VALUE,(2951-40-22)]
[Skipped][Addition] - [FE->BE] [P: CesComp,R10,(2951-12-51)] [O: CesConstraint,HLT_POWER_SCALING_FACT,(2951-41-22)]
[Skipped][Addition] - [FE->BE] [P: CesComp,R11,(2951-13-51)] [O: CesConstraint,SERIES,(2951-42-22)]
[Skipped][Addition] - [FE->BE] [P: CesComp,R11,(2951-13-51)] [O: CesConstraint,DEF_VALUE,(2951-43-22)]
[Skipped][Addition] - [FE->BE] [P: CesComp,R11,(2951-13-51)] [O: CesConstraint,HLT_POWER_SCALING_FACT,(2951-44-22)]
[Skipped][Addition] - [FE->BE] [P: CesComp,C11,(2951-14-51)] [O: CesConstraint,SERIES,(2951-45-22)]
[Skipped][Addition] - [FE->BE] [P: CesComp,C11,(2951-14-51)] [O: CesConstraint,DEF_VALUE,(2951-46-22)]
[Skipped][Addition] - [FE->BE] [P: CesComp,C11,(2951-14-51)] [O: CesConstraint,HLT_POWER_SCALING_FACT,(2951-47-22)]
[Skipped][Addition] - [FE->BE] [P: CesComp,C12,(2951-15-51)] [O: CesConstraint,SERIES,(2951-48-22)]
[Skipped][Addition] - [FE->BE] [P: CesComp,C12,(2951-15-51)] [O: CesConstraint,DEF_VALUE,(2951-49-22)]
[Skipped][Addition] - [FE->BE] [P: CesComp,C12,(2951-15-51)] [O: CesConstraint,HLT_POWER_SCALING_FACT,(2951-50-22)]
[Skipped][Addition] - [FE->BE] [P: CesComp,C13,(2951-16-51)] [O: CesConstraint,SERIES,(2951-51-22)]
[Skipped][Addition] - [FE->BE] [P: CesComp,C13,(2951-16-51)] [O: CesConstraint,DEF_VALUE,(2951-52-22)]
[Skipped][Addition] - [FE->BE] [P: CesComp,C13,(2951-16-51)] [O: CesConstraint,HLT_POWER_SCALING_FACT,(2951-53-22)]
[Skipped][Addition] - [FE->BE] [P: CesComp,C14,(2951-17-51)] [O: CesConstraint,SERIES,(2951-54-22)]
[Skipped][Addition] - [FE->BE] [P: CesComp,C14,(2951-17-51)] [O: CesConstraint,DEF_VALUE,(2951-55-22)]
[Skipped][Addition] - [FE->BE] [P: CesComp,C14,(2951-17-51)] [O: CesConstraint,HLT_POWER_SCALING_FACT,(2951-56-22)]
[Skipped][Addition] - [FE->BE] [P: CesComp,C15,(2951-18-51)] [O: CesConstraint,SERIES,(2951-57-22)]
[Skipped][Addition] - [FE->BE] [P: CesComp,C15,(2951-18-51)] [O: CesConstraint,DEF_VALUE,(2951-58-22)]
[Skipped][Addition] - [FE->BE] [P: CesComp,C15,(2951-18-51)] [O: CesConstraint,HLT_POWER_SCALING_FACT,(2951-59-22)]
[Skipped][Addition] - [FE->BE] [P: CesComp,C16,(2951-19-51)] [O: CesConstraint,SERIES,(2951-60-22)]
[Skipped][Addition] - [FE->BE] [P: CesComp,C16,(2951-19-51)] [O: CesConstraint,DEF_VALUE,(2951-61-22)]
[Skipped][Addition] - [FE->BE] [P: CesComp,C16,(2951-19-51)] [O: CesConstraint,HLT_POWER_SCALING_FACT,(2951-62-22)]
[Skipped][Addition] - [FE->BE] [P: CesComp,C17,(2951-20-51)] [O: CesConstraint,SERIES,(2951-63-22)]
[Skipped][Addition] - [FE->BE] [P: CesComp,C17,(2951-20-51)] [O: CesConstraint,DEF_VALUE,(2951-64-22)]
[Skipped][Addition] - [FE->BE] [P: CesComp,C17,(2951-20-51)] [O: CesConstraint,HLT_POWER_SCALING_FACT,(2951-65-22)]
[Skipped][Addition] - [FE->BE] [P: CesComp,C18,(2951-21-51)] [O: CesConstraint,SERIES,(2951-66-22)]
[Skipped][Addition] - [FE->BE] [P: CesComp,C18,(2951-21-51)] [O: CesConstraint,DEF_VALUE,(2951-67-22)]
[Skipped][Addition] - [FE->BE] [P: CesComp,C18,(2951-21-51)] [O: CesConstraint,HLT_POWER_SCALING_FACT,(2951-68-22)]
[Skipped][Addition] - [FE->BE] [P: CesComp,C21,(2951-22-51)] [O: CesConstraint,SERIES,(2951-69-22)]
[Skipped][Addition] - [FE->BE] [P: CesComp,C21,(2951-22-51)] [O: CesConstraint,DEF_VALUE,(2951-70-22)]
[Skipped][Addition] - [FE->BE] [P: CesComp,C21,(2951-22-51)] [O: CesConstraint,HLT_POWER_SCALING_FACT,(2951-71-22)]
[Skipped][Addition] - [FE->BE] [P: CesComp,J6,(2951-23-51)] [O: CesConstraint,SERIES,(2951-72-22)]
[Skipped][Addition] - [FE->BE] [P: CesComp,J6,(2951-23-51)] [O: CesConstraint,HLT_POWER_SCALING_FACT,(2951-73-22)]
[Skipped][Addition] - [FE->BE] [P: CesComp,C1,(2951-1-51)] [O: CesConstraint,PACKAGED_COMP,(2951-74-22)]
[Skipped][Addition] - [FE->BE] [P: CesComp,C2,(2951-2-51)] [O: CesConstraint,PACKAGED_COMP,(2951-75-22)]
[Skipped][Addition] - [FE->BE] [P: CesComp,C3,(2951-3-51)] [O: CesConstraint,PACKAGED_COMP,(2951-76-22)]
[Skipped][Addition] - [FE->BE] [P: CesComp,C4,(2951-4-51)] [O: CesConstraint,PACKAGED_COMP,(2951-77-22)]
[Skipped][Addition] - [FE->BE] [P: CesComp,C8,(2951-5-51)] [O: CesConstraint,PACKAGED_COMP,(2951-78-22)]
[Skipped][Addition] - [FE->BE] [P: CesComp,C9,(2951-6-51)] [O: CesConstraint,PACKAGED_COMP,(2951-79-22)]
[Skipped][Addition] - [FE->BE] [P: CesComp,C10,(2951-7-51)] [O: CesConstraint,PACKAGED_COMP,(2951-80-22)]
[Skipped][Addition] - [FE->BE] [P: CesComp,R3,(2951-8-51)] [O: CesConstraint,PACKAGED_COMP,(2951-81-22)]
[Skipped][Addition] - [FE->BE] [P: CesComp,R5,(2951-9-51)] [O: CesConstraint,PACKAGED_COMP,(2951-82-22)]
[Skipped][Addition] - [FE->BE] [P: CesComp,R8,(2951-10-51)] [O: CesConstraint,PACKAGED_COMP,(2951-83-22)]
[Skipped][Addition] - [FE->BE] [P: CesComp,R9,(2951-11-51)] [O: CesConstraint,PACKAGED_COMP,(2951-84-22)]
[Skipped][Addition] - [FE->BE] [P: CesComp,R10,(2951-12-51)] [O: CesConstraint,PACKAGED_COMP,(2951-85-22)]
[Skipped][Addition] - [FE->BE] [P: CesComp,R11,(2951-13-51)] [O: CesConstraint,PACKAGED_COMP,(2951-86-22)]
[Skipped][Addition] - [FE->BE] [P: CesComp,C11,(2951-14-51)] [O: CesConstraint,PACKAGED_COMP,(2951-87-22)]
[Skipped][Addition] - [FE->BE] [P: CesComp,C12,(2951-15-51)] [O: CesConstraint,PACKAGED_COMP,(2951-88-22)]
[Skipped][Addition] - [FE->BE] [P: CesComp,C13,(2951-16-51)] [O: CesConstraint,PACKAGED_COMP,(2951-89-22)]
[Skipped][Addition] - [FE->BE] [P: CesComp,C14,(2951-17-51)] [O: CesConstraint,PACKAGED_COMP,(2951-90-22)]
[Skipped][Addition] - [FE->BE] [P: CesComp,C15,(2951-18-51)] [O: CesConstraint,PACKAGED_COMP,(2951-91-22)]
[Skipped][Addition] - [FE->BE] [P: CesComp,C16,(2951-19-51)] [O: CesConstraint,PACKAGED_COMP,(2951-92-22)]
[Skipped][Addition] - [FE->BE] [P: CesComp,C17,(2951-20-51)] [O: CesConstraint,PACKAGED_COMP,(2951-93-22)]
[Skipped][Addition] - [FE->BE] [P: CesComp,C18,(2951-21-51)] [O: CesConstraint,PACKAGED_COMP,(2951-94-22)]
[Skipped][Addition] - [FE->BE] [P: CesComp,C21,(2951-22-51)] [O: CesConstraint,PACKAGED_COMP,(2951-95-22)]
[Skipped][Addition] - [FE->BE] [P: CesComp,J6,(2951-23-51)] [O: CesConstraint,PACKAGED_COMP,(2951-96-22)]
--------------------------------------------------------------------------------
 CES synchronization - END (2016-11-13 18:34:10) 
--------------------------------------------------------------------------------
--------------------------------------------------------------------------------
 Project integration - END (2016-11-13 18:34:10) 
--------------------------------------------------------------------------------
