--------------------------------------------------------------------------------
 Project integration - START (2016-11-25 17:27:22) 
--------------------------------------------------------------------------------
FE snapshot name: DCDV
BE snapshot name: PCB_Layout_Temp
Top level block: (2-1-5)
Parameters: FAConstraints,FEWin,
--------------------------------------------------------------------------------
--------------------------------------------------------------------------------
 CES synchronization - START (2016-11-25 17:27:22) 
--------------------------------------------------------------------------------

--------------------------------------------------------------------------------
 TOPOLOGY synchronization - START (2016-11-25 17:27:22) 
--------------------------------------------------------------------------------
--------------------------------------------------------------------------------
 TOPOLOGY synchronization - END (2016-11-25 17:27:22) 
--------------------------------------------------------------------------------
[Skipped][Addition] - [FE->BE] [P: CesPart,70-0017,(3405-1-53)] [O: CesConstraint,PART_TYPE,(3405-1-22)]
[Skipped][Addition] - [FE->BE] [P: CesComp,J11,(3405-1-51)] [O: CesConstraint,SERIES,(3405-2-22)]
[Skipped][Addition] - [FE->BE] [P: CesComp,J11,(3405-1-51)] [O: CesConstraint,HLT_POWER_SCALING_FACT,(3405-3-22)]
[Skipped][Addition] - [FE->BE] [P: CesComp,J11,(3405-1-51)] [O: CesConstraint,PACKAGED_COMP,(3405-4-22)]
--------------------------------------------------------------------------------
 CES synchronization - END (2016-11-25 17:27:22) 
--------------------------------------------------------------------------------
--------------------------------------------------------------------------------
 Project integration - END (2016-11-25 17:27:22) 
--------------------------------------------------------------------------------
