--------------------------------------------------------------------------------
 Project integration - START (2016-11-22 17:00:36) 
--------------------------------------------------------------------------------
FE snapshot name: DCDV
BE snapshot name: PCB_Layout_Temp
Top level block: (2-1-5)
Parameters: FAConstraints,FEWin,
--------------------------------------------------------------------------------
--------------------------------------------------------------------------------
 CES synchronization - START (2016-11-22 17:00:36) 
--------------------------------------------------------------------------------

--------------------------------------------------------------------------------
 TOPOLOGY synchronization - START (2016-11-22 17:00:36) 
--------------------------------------------------------------------------------
--------------------------------------------------------------------------------
 TOPOLOGY synchronization - END (2016-11-22 17:00:36) 
--------------------------------------------------------------------------------
[Ok][Modification] - [FE->BE] [P: CesComp,R29,(3126-24-51)] [O: CesConstraint,DEF_VALUE,(3126-101-22)]
[Ok][Modification] - [FE->BE] [P: CesComp,R21,(3185-2-51)] [O: CesConstraint,DEF_VALUE,(3185-7-22)]
[Ok][Modification] - [FE->BE] [P: CesComp,R3,(3220-18-51)] [O: CesConstraint,DEF_VALUE,(3220-63-22)]
[Ok][Modification] - [FE->BE] [P: CesComp,R5,(3220-19-51)] [O: CesConstraint,DEF_VALUE,(3220-66-22)]
--------------------------------------------------------------------------------
 CES synchronization - END (2016-11-22 17:00:36) 
--------------------------------------------------------------------------------
--------------------------------------------------------------------------------
 Project integration - END (2016-11-22 17:00:36) 
--------------------------------------------------------------------------------
