--------------------------------------------------------------------------------
 Project integration - START (2016-11-25 17:20:21) 
--------------------------------------------------------------------------------
FE snapshot name: DCDV
BE snapshot name: PCB_Layout_Temp
Top level block: (2-1-5)
Parameters: FAConstraints,FEWin,
--------------------------------------------------------------------------------
--------------------------------------------------------------------------------
 CES synchronization - START (2016-11-25 17:20:21) 
--------------------------------------------------------------------------------

--------------------------------------------------------------------------------
 TOPOLOGY synchronization - START (2016-11-25 17:20:21) 
--------------------------------------------------------------------------------
--------------------------------------------------------------------------------
 TOPOLOGY synchronization - END (2016-11-25 17:20:21) 
--------------------------------------------------------------------------------
[Skipped][Addition] - [FE->BE] [P: CesPart,70-0015,(3391-1-53)] [O: CesConstraint,PART_TYPE,(3391-1-22)]
[Skipped][Addition] - [FE->BE] [P: CesComp,J11,(3391-1-51)] [O: CesConstraint,SERIES,(3391-2-22)]
[Skipped][Addition] - [FE->BE] [P: CesComp,J11,(3391-1-51)] [O: CesConstraint,HLT_POWER_SCALING_FACT,(3391-3-22)]
[Skipped][Addition] - [FE->BE] [P: CesComp,J11,(3391-1-51)] [O: CesConstraint,PACKAGED_COMP,(3391-4-22)]
--------------------------------------------------------------------------------
 CES synchronization - END (2016-11-25 17:20:21) 
--------------------------------------------------------------------------------
--------------------------------------------------------------------------------
 Project integration - END (2016-11-25 17:20:21) 
--------------------------------------------------------------------------------
