--------------------------------------------------------------------------------
 Project integration - START (2016-11-25 17:32:29) 
--------------------------------------------------------------------------------
FE snapshot name: DCDV
BE snapshot name: PCB_Layout_Temp
Top level block: (2-1-5)
Parameters: FAConstraints,FEWin,
--------------------------------------------------------------------------------
--------------------------------------------------------------------------------
 CES synchronization - START (2016-11-25 17:32:29) 
--------------------------------------------------------------------------------

--------------------------------------------------------------------------------
 TOPOLOGY synchronization - START (2016-11-25 17:32:29) 
--------------------------------------------------------------------------------
--------------------------------------------------------------------------------
 TOPOLOGY synchronization - END (2016-11-25 17:32:29) 
--------------------------------------------------------------------------------
[Skipped][Addition] - [FE->BE] [P: CesPart,70-0053,(3414-1-53)] [O: CesConstraint,PART_TYPE,(3414-1-22)]
[Skipped][Addition] - [FE->BE] [P: CesComp,J11,(3414-1-51)] [O: CesConstraint,SERIES,(3414-2-22)]
[Skipped][Addition] - [FE->BE] [P: CesComp,J11,(3414-1-51)] [O: CesConstraint,HLT_POWER_SCALING_FACT,(3414-3-22)]
[Skipped][Addition] - [FE->BE] [P: CesComp,J11,(3414-1-51)] [O: CesConstraint,PACKAGED_COMP,(3414-4-22)]
--------------------------------------------------------------------------------
 CES synchronization - END (2016-11-25 17:32:29) 
--------------------------------------------------------------------------------
--------------------------------------------------------------------------------
 Project integration - END (2016-11-25 17:32:29) 
--------------------------------------------------------------------------------
