--------------------------------------------------------------------------------
 Project integration - START (2016-11-21 10:10:30) 
--------------------------------------------------------------------------------
FE snapshot name: DCDV
BE snapshot name: PCB_Layout_Temp
Top level block: (2-1-5)
Parameters: FAConstraints,FEWin,
--------------------------------------------------------------------------------
--------------------------------------------------------------------------------
 CES synchronization - START (2016-11-21 10:10:30) 
--------------------------------------------------------------------------------

--------------------------------------------------------------------------------
 TOPOLOGY synchronization - START (2016-11-21 10:10:30) 
--------------------------------------------------------------------------------
--------------------------------------------------------------------------------
 TOPOLOGY synchronization - END (2016-11-21 10:10:30) 
--------------------------------------------------------------------------------
[Skipped][Addition] - [FE->BE] [P: CesPart,00-0100,(3185-1-53)] [O: CesConstraint,PART_TYPE,(3185-1-22)]
[Skipped][Addition] - [FE->BE] [P: CesPart,00-0100,(3185-1-53)] [O: CesConstraint,DEF_VALUE,(3185-2-22)]
[Skipped][Addition] - [FE->BE] [P: CesComp,C24,(3185-1-51)] [O: CesConstraint,SERIES,(3185-3-22)]
[Skipped][Addition] - [FE->BE] [P: CesComp,C24,(3185-1-51)] [O: CesConstraint,DEF_VALUE,(3185-4-22)]
[Skipped][Addition] - [FE->BE] [P: CesComp,C24,(3185-1-51)] [O: CesConstraint,HLT_POWER_SCALING_FACT,(3185-5-22)]
[Skipped][Addition] - [FE->BE] [P: CesComp,R21,(3185-2-51)] [O: CesConstraint,SERIES,(3185-6-22)]
[Skipped][Addition] - [FE->BE] [P: CesComp,R21,(3185-2-51)] [O: CesConstraint,DEF_VALUE,(3185-7-22)]
[Skipped][Addition] - [FE->BE] [P: CesComp,R21,(3185-2-51)] [O: CesConstraint,HLT_POWER_SCALING_FACT,(3185-8-22)]
[Skipped][Addition] - [FE->BE] [P: CesComp,R30,(3185-3-51)] [O: CesConstraint,SERIES,(3185-9-22)]
[Skipped][Addition] - [FE->BE] [P: CesComp,R30,(3185-3-51)] [O: CesConstraint,DEF_VALUE,(3185-10-22)]
[Skipped][Addition] - [FE->BE] [P: CesComp,R30,(3185-3-51)] [O: CesConstraint,HLT_POWER_SCALING_FACT,(3185-11-22)]
[Skipped][Addition] - [FE->BE] [P: CesComp,C24,(3185-1-51)] [O: CesConstraint,PACKAGED_COMP,(3185-12-22)]
[Skipped][Addition] - [FE->BE] [P: CesComp,R21,(3185-2-51)] [O: CesConstraint,PACKAGED_COMP,(3185-13-22)]
[Skipped][Addition] - [FE->BE] [P: CesComp,R30,(3185-3-51)] [O: CesConstraint,PACKAGED_COMP,(3185-14-22)]
--------------------------------------------------------------------------------
 CES synchronization - END (2016-11-21 10:10:30) 
--------------------------------------------------------------------------------
--------------------------------------------------------------------------------
 Project integration - END (2016-11-21 10:10:30) 
--------------------------------------------------------------------------------
