--------------------------------------------------------------------------------
 Project integration - START (2016-11-21 21:10:01) 
--------------------------------------------------------------------------------
FE snapshot name: DCDV
BE snapshot name: PCB_Layout_Temp
Top level block: (2-1-5)
Parameters: FAConstraints,FEWin,
--------------------------------------------------------------------------------
--------------------------------------------------------------------------------
 CES synchronization - START (2016-11-21 21:10:01) 
--------------------------------------------------------------------------------

--------------------------------------------------------------------------------
 TOPOLOGY synchronization - START (2016-11-21 21:10:01) 
--------------------------------------------------------------------------------
--------------------------------------------------------------------------------
 TOPOLOGY synchronization - END (2016-11-21 21:10:01) 
--------------------------------------------------------------------------------
[Skipped][Addition] - [FE->BE] [P: CesComp,Q8,(3202-1-51)] [O: CesConstraint,SERIES,(3202-1-22)]
[Skipped][Addition] - [FE->BE] [P: CesComp,Q8,(3202-1-51)] [O: CesConstraint,HLT_POWER_SCALING_FACT,(3202-2-22)]
[Skipped][Addition] - [FE->BE] [P: CesComp,Q9,(3202-2-51)] [O: CesConstraint,SERIES,(3202-3-22)]
[Skipped][Addition] - [FE->BE] [P: CesComp,Q9,(3202-2-51)] [O: CesConstraint,HLT_POWER_SCALING_FACT,(3202-4-22)]
[Skipped][Addition] - [FE->BE] [P: CesComp,R31,(3202-3-51)] [O: CesConstraint,SERIES,(3202-5-22)]
[Skipped][Addition] - [FE->BE] [P: CesComp,R31,(3202-3-51)] [O: CesConstraint,DEF_VALUE,(3202-6-22)]
[Skipped][Addition] - [FE->BE] [P: CesComp,R31,(3202-3-51)] [O: CesConstraint,HLT_POWER_SCALING_FACT,(3202-7-22)]
[Skipped][Addition] - [FE->BE] [P: CesComp,R32,(3202-4-51)] [O: CesConstraint,SERIES,(3202-8-22)]
[Skipped][Addition] - [FE->BE] [P: CesComp,R32,(3202-4-51)] [O: CesConstraint,DEF_VALUE,(3202-9-22)]
[Skipped][Addition] - [FE->BE] [P: CesComp,R32,(3202-4-51)] [O: CesConstraint,HLT_POWER_SCALING_FACT,(3202-10-22)]
[Skipped][Addition] - [FE->BE] [P: CesComp,J9,(3202-5-51)] [O: CesConstraint,SERIES,(3202-11-22)]
[Skipped][Addition] - [FE->BE] [P: CesComp,J9,(3202-5-51)] [O: CesConstraint,HLT_POWER_SCALING_FACT,(3202-12-22)]
[Skipped][Addition] - [FE->BE] [P: CesComp,J10,(3202-6-51)] [O: CesConstraint,SERIES,(3202-13-22)]
[Skipped][Addition] - [FE->BE] [P: CesComp,J10,(3202-6-51)] [O: CesConstraint,HLT_POWER_SCALING_FACT,(3202-14-22)]
[Skipped][Addition] - [FE->BE] [P: CesComp,Q8,(3202-1-51)] [O: CesConstraint,PACKAGED_COMP,(3202-15-22)]
[Skipped][Addition] - [FE->BE] [P: CesComp,Q9,(3202-2-51)] [O: CesConstraint,PACKAGED_COMP,(3202-16-22)]
[Skipped][Addition] - [FE->BE] [P: CesComp,R31,(3202-3-51)] [O: CesConstraint,PACKAGED_COMP,(3202-17-22)]
[Skipped][Addition] - [FE->BE] [P: CesComp,R32,(3202-4-51)] [O: CesConstraint,PACKAGED_COMP,(3202-18-22)]
[Skipped][Addition] - [FE->BE] [P: CesComp,J9,(3202-5-51)] [O: CesConstraint,PACKAGED_COMP,(3202-19-22)]
[Skipped][Addition] - [FE->BE] [P: CesComp,J10,(3202-6-51)] [O: CesConstraint,PACKAGED_COMP,(3202-20-22)]
--------------------------------------------------------------------------------
 CES synchronization - END (2016-11-21 21:10:01) 
--------------------------------------------------------------------------------
--------------------------------------------------------------------------------
 Project integration - END (2016-11-21 21:10:01) 
--------------------------------------------------------------------------------
