--------------------------------------------------------------------------------
 Project integration - START (2016-11-18 15:28:09) 
--------------------------------------------------------------------------------
FE snapshot name: DCDV
BE snapshot name: PCB_Layout_Temp
Top level block: (2-1-5)
Parameters: FAConstraints,FEWin,
--------------------------------------------------------------------------------
--------------------------------------------------------------------------------
 CES synchronization - START (2016-11-18 15:28:09) 
--------------------------------------------------------------------------------

--------------------------------------------------------------------------------
 TOPOLOGY synchronization - START (2016-11-18 15:28:09) 
--------------------------------------------------------------------------------
--------------------------------------------------------------------------------
 TOPOLOGY synchronization - END (2016-11-18 15:28:09) 
--------------------------------------------------------------------------------
[Skipped][Addition] - [FE->BE] [P: CesComp,C5,(3150-1-51)] [O: CesConstraint,SERIES,(3150-1-22)]
[Skipped][Addition] - [FE->BE] [P: CesComp,C5,(3150-1-51)] [O: CesConstraint,DEF_VALUE,(3150-2-22)]
[Skipped][Addition] - [FE->BE] [P: CesComp,C5,(3150-1-51)] [O: CesConstraint,HLT_POWER_SCALING_FACT,(3150-3-22)]
[Skipped][Addition] - [FE->BE] [P: CesComp,C6,(3150-2-51)] [O: CesConstraint,SERIES,(3150-4-22)]
[Skipped][Addition] - [FE->BE] [P: CesComp,C6,(3150-2-51)] [O: CesConstraint,DEF_VALUE,(3150-5-22)]
[Skipped][Addition] - [FE->BE] [P: CesComp,C6,(3150-2-51)] [O: CesConstraint,HLT_POWER_SCALING_FACT,(3150-6-22)]
[Skipped][Addition] - [FE->BE] [P: CesComp,C27,(3150-3-51)] [O: CesConstraint,SERIES,(3150-7-22)]
[Skipped][Addition] - [FE->BE] [P: CesComp,C27,(3150-3-51)] [O: CesConstraint,DEF_VALUE,(3150-8-22)]
[Skipped][Addition] - [FE->BE] [P: CesComp,C27,(3150-3-51)] [O: CesConstraint,HLT_POWER_SCALING_FACT,(3150-9-22)]
[Skipped][Addition] - [FE->BE] [P: CesComp,C5,(3150-1-51)] [O: CesConstraint,PACKAGED_COMP,(3150-10-22)]
[Skipped][Addition] - [FE->BE] [P: CesComp,C6,(3150-2-51)] [O: CesConstraint,PACKAGED_COMP,(3150-11-22)]
[Skipped][Addition] - [FE->BE] [P: CesComp,C27,(3150-3-51)] [O: CesConstraint,PACKAGED_COMP,(3150-12-22)]
--------------------------------------------------------------------------------
 CES synchronization - END (2016-11-18 15:28:09) 
--------------------------------------------------------------------------------
--------------------------------------------------------------------------------
 Project integration - END (2016-11-18 15:28:09) 
--------------------------------------------------------------------------------
