--------------------
command line:
WINPLOT.EXE "/PROJECT=C:\Users\PAULGWF\Documents\SwARM\hardware\SwARM_Schematics\SwARM_Schematics.prj" "C:\Users\PAULGWF\Documents\SwARM\hardware\SwARM_Schematics\design_definition\graphics\Schematic1.sbk("*")"
--------------------

	W I N P L O T - generate plots from schematics. Version 16.2.0.0
		(c) Copyright Mentor Graphics Corporation 2012.
	All Rights Reserved.

	..reading project file
	..reading system parameter file
	..reading symbology
	..reading font file
	..reading plotter control file

	..scaling circuit(s) to fit paper.
	(scale=0.972)

			..cells 
			..transitions
			..wires
			..subnet text, ..loose text, ..loose gfx, ..done
	(scale=0.666)

			..cells ..
			..transitions
			..wires
			..subnet text, ..loose text, ..loose gfx, ..done
	(scale=0.666)

			..cells ..
			..transitions
			..wires
			..subnet text, ..loose text, ..loose gfx, ..done
	(scale=0.666)

			..cells ..
			..transitions
			..wires
			..subnet text, ..loose text, ..loose gfx, ..done
	(scale=0.666)

			..cells 
			..transitions
			..wires
			..subnet text, ..loose text, ..loose gfx, ..done
Plot utility program completed
